#
# There is insufficient memory for the Java Runtime Environment to continue.
# Native memory allocation (malloc) failed to allocate 1159696 bytes for Chunk::new
# Possible reasons:
#   The system is out of physical RAM or swap space
#   The process is running with CompressedOops enabled, and the Java Heap may be blocking the growth of the native heap
# Possible solutions:
#   Reduce memory load on the system
#   Increase physical memory or swap space
#   Check if swap backing store is full
#   Decrease Java heap size (-Xmx/-Xms)
#   Decrease number of Java threads
#   Decrease Java thread stack sizes (-Xss)
#   Set larger code cache with -XX:ReservedCodeCacheSize=
#   JVM is running with Unscaled Compressed Oops mode in which the Java heap is
#     placed in the first 4GB address space. The Java Heap base address is the
#     maximum limit for the native heap growth. Please use -XX:HeapBaseMinAddress
#     to set the Java Heap base and to place the Java Heap above 4GB virtual address.
# This output file may be truncated or incomplete.
#
#  Out of Memory Error (./src/hotspot/share/memory/arena.cpp:197), pid=784, tid=19672
#
# JRE version: OpenJDK Runtime Environment (11.0.10) (build 11.0.10+0-b96-7249189)
# Java VM: OpenJDK 64-Bit Server VM (11.0.10+0-b96-7249189, mixed mode, tiered, compressed oops, g1 gc, windows-amd64)
# No core dump will be written. Minidumps are not enabled by default on client versions of Windows
#

---------------  S U M M A R Y ------------

Command Line: --add-opens=java.base/java.util=ALL-UNNAMED --add-opens=java.base/java.lang=ALL-UNNAMED --add-opens=java.base/java.lang.invoke=ALL-UNNAMED --add-opens=java.base/java.util=ALL-UNNAMED --add-opens=java.prefs/java.util.prefs=ALL-UNNAMED --add-opens=java.prefs/java.util.prefs=ALL-UNNAMED --add-opens=java.base/java.nio.charset=ALL-UNNAMED --add-opens=java.base/java.net=ALL-UNNAMED --add-opens=java.base/java.util.concurrent.atomic=ALL-UNNAMED -Xmx2048m -Dfile.encoding=UTF-8 -Duser.country=US -Duser.language=en -Duser.variant org.gradle.launcher.daemon.bootstrap.GradleDaemon 7.0.2

Host: Intel(R) Core(TM) i5-4590 CPU @ 3.30GHz, 4 cores, 7G,  Windows 10 , 64 bit Build 19041 (10.0.19041.1348)
Time: Mon Dec 13 17:01:30 2021 Pacific Standard Time elapsed time: 1163.300181 seconds (0d 0h 19m 23s)

---------------  T H R E A D  ---------------

Current thread (0x000002cde6bab000):  JavaThread "C2 CompilerThread0" daemon [_thread_in_native, id=19672, stack(0x000000df1e500000,0x000000df1e600000)]


Current CompileTask:
C2:1163300 16882       4       org.gradle.api.internal.artifacts.ivyservice.modulecache.ModuleMetadataSerializer$Reader::readMavenDependency (142 bytes)

Stack: [0x000000df1e500000,0x000000df1e600000]
Native frames: (J=compiled Java code, j=interpreted, Vv=VM code, C=native code)
V  [jvm.dll+0x5ecfaa]
V  [jvm.dll+0x722bd5]
V  [jvm.dll+0x72412d]
V  [jvm.dll+0x7247e3]
V  [jvm.dll+0x242928]
V  [jvm.dll+0xbc4fc]
V  [jvm.dll+0xbca0c]
V  [jvm.dll+0x352d7d]
V  [jvm.dll+0x320ad3]
V  [jvm.dll+0x31ffca]
V  [jvm.dll+0x1fb602]
V  [jvm.dll+0x1fa7f4]
V  [jvm.dll+0x18354c]
V  [jvm.dll+0x208ee7]
V  [jvm.dll+0x207731]
V  [jvm.dll+0x6eb1cf]
V  [jvm.dll+0x6e3d45]
V  [jvm.dll+0x5ebe96]
C  [ucrtbase.dll+0x21bb2]
C  [KERNEL32.DLL+0x17034]
C  [ntdll.dll+0x52651]


---------------  P R O C E S S  ---------------

Threads class SMR info:
_java_thread_list=0x000002cde7ed13e0, length=50, elements={
0x000002cdcc75e800, 0x000002cde6b91800, 0x000002cde6b94000, 0x000002cde6ba3800,
0x000002cde6ba7800, 0x000002cde6ba9800, 0x000002cde6bab000, 0x000002cde6bae800,
0x000002cde6bfb800, 0x000002cde6d4c800, 0x000002cde8213800, 0x000002cde929c800,
0x000002cdea12c000, 0x000002cde9379800, 0x000002cde9375000, 0x000002cde9375800,
0x000002cde9374000, 0x000002cde937a800, 0x000002cdea927800, 0x000002cdea929000,
0x000002cdea928800, 0x000002cdea92e000, 0x000002cdea934800, 0x000002cde9082800,
0x000002cde907f800, 0x000002cdea936800, 0x000002cde9377800, 0x000002cdea9f4800,
0x000002cdea9f4000, 0x000002cdea9f5800, 0x000002cdea9f0000, 0x000002cdea9f6800,
0x000002cdea9f3000, 0x000002cdea9f1800, 0x000002cdea9f0800, 0x000002cdea9fc000,
0x000002cdea9fb000, 0x000002cdea9f9000, 0x000002cdea9f9800, 0x000002cdea9fd000,
0x000002cdedfd6800, 0x000002cdea9f7000, 0x000002cdea9fa800, 0x000002cdea9fd800,
0x000002cdea9f8000, 0x000002cdea9fe800, 0x000002cdea92c800, 0x000002cdea92f800,
0x000002cdea933000, 0x000002cdea930800
}

Java Threads: ( => current thread )
  0x000002cdcc75e800 JavaThread "main" [_thread_blocked, id=2544, stack(0x000000df1d900000,0x000000df1da00000)]
  0x000002cde6b91800 JavaThread "Reference Handler" daemon [_thread_blocked, id=14076, stack(0x000000df1e000000,0x000000df1e100000)]
  0x000002cde6b94000 JavaThread "Finalizer" daemon [_thread_blocked, id=15880, stack(0x000000df1e100000,0x000000df1e200000)]
  0x000002cde6ba3800 JavaThread "Signal Dispatcher" daemon [_thread_blocked, id=17868, stack(0x000000df1e200000,0x000000df1e300000)]
  0x000002cde6ba7800 JavaThread "Attach Listener" daemon [_thread_blocked, id=4808, stack(0x000000df1e300000,0x000000df1e400000)]
  0x000002cde6ba9800 JavaThread "Service Thread" daemon [_thread_blocked, id=21328, stack(0x000000df1e400000,0x000000df1e500000)]
=>0x000002cde6bab000 JavaThread "C2 CompilerThread0" daemon [_thread_in_native, id=19672, stack(0x000000df1e500000,0x000000df1e600000)]
  0x000002cde6bae800 JavaThread "C1 CompilerThread0" daemon [_thread_blocked, id=8652, stack(0x000000df1e600000,0x000000df1e700000)]
  0x000002cde6bfb800 JavaThread "Sweeper thread" daemon [_thread_blocked, id=11672, stack(0x000000df1e700000,0x000000df1e800000)]
  0x000002cde6d4c800 JavaThread "Common-Cleaner" daemon [_thread_blocked, id=12300, stack(0x000000df1e800000,0x000000df1e900000)]
  0x000002cde8213800 JavaThread "Daemon health stats" [_thread_blocked, id=21296, stack(0x000000df1ed00000,0x000000df1ee00000)]
  0x000002cde929c800 JavaThread "Incoming local TCP Connector on port 50038" [_thread_in_native, id=16744, stack(0x000000df1ea00000,0x000000df1eb00000)]
  0x000002cdea12c000 JavaThread "Daemon periodic checks" [_thread_blocked, id=780, stack(0x000000df1ee00000,0x000000df1ef00000)]
  0x000002cde9379800 JavaThread "Cache worker for file hash cache (C:\Users\Omar\.gradle\caches\7.0.2\fileHashes)" [_thread_blocked, id=4648, stack(0x000000df1f600000,0x000000df1f700000)]
  0x000002cde9375000 JavaThread "File lock request listener" [_thread_in_native, id=1300, stack(0x000000df1f700000,0x000000df1f800000)]
  0x000002cde9375800 JavaThread "Cache worker for journal cache (C:\Users\Omar\.gradle\caches\journal-1)" [_thread_blocked, id=15440, stack(0x000000df1f900000,0x000000df1fa00000)]
  0x000002cde9374000 JavaThread "File watcher server" daemon [_thread_in_native, id=2872, stack(0x000000df1fc00000,0x000000df1fd00000)]
  0x000002cde937a800 JavaThread "File watcher consumer" daemon [_thread_blocked, id=19156, stack(0x000000df1fd00000,0x000000df1fe00000)]
  0x000002cdea927800 JavaThread "Cache worker for execution history cache (C:\Users\Omar\.gradle\caches\7.0.2\executionHistory)" [_thread_blocked, id=6388, stack(0x000000df20100000,0x000000df20200000)]
  0x000002cdea929000 JavaThread "jar transforms" [_thread_blocked, id=18884, stack(0x000000df20200000,0x000000df20300000)]
  0x000002cdea928800 JavaThread "jar transforms Thread 2" [_thread_blocked, id=16552, stack(0x000000df20300000,0x000000df20400000)]
  0x000002cdea92e000 JavaThread "Cache worker for file content cache (C:\Users\Omar\.gradle\caches\7.0.2\fileContent)" [_thread_blocked, id=8576, stack(0x000000df20400000,0x000000df20500000)]
  0x000002cdea934800 JavaThread "jar transforms Thread 3" [_thread_blocked, id=15588, stack(0x000000df20600000,0x000000df20700000)]
  0x000002cde9082800 JavaThread "jar transforms Thread 4" [_thread_blocked, id=8824, stack(0x000000df20c00000,0x000000df20d00000)]
  0x000002cde907f800 JavaThread "Memory manager" [_thread_blocked, id=23472, stack(0x000000df20d00000,0x000000df20e00000)]
  0x000002cdea936800 JavaThread "Cache worker for Java compile cache (C:\Users\Omar\.gradle\caches\7.0.2\javaCompile)" [_thread_blocked, id=16908, stack(0x000000df21000000,0x000000df21100000)]
  0x000002cde9377800 JavaThread "ForkJoinPool.commonPool-worker-5" daemon [_thread_blocked, id=23264, stack(0x000000df21800000,0x000000df21900000)]
  0x000002cdea9f4800 JavaThread "Daemon Thread 3" [_thread_blocked, id=12980, stack(0x000000df1d600000,0x000000df1d700000)]
  0x000002cdea9f4000 JavaThread "Handler for socket connection from /127.0.0.1:50038 to /127.0.0.1:49289" [_thread_in_native, id=11856, stack(0x000000df1d700000,0x000000df1d800000)]
  0x000002cdea9f5800 JavaThread "Cancel handler" [_thread_blocked, id=21196, stack(0x000000df1d800000,0x000000df1d900000)]
  0x000002cdea9f0000 JavaThread "Daemon worker Thread 3" [_thread_blocked, id=17880, stack(0x000000df1ef00000,0x000000df1f000000)]
  0x000002cdea9f6800 JavaThread "Asynchronous log dispatcher for DefaultDaemonConnection: socket connection from /127.0.0.1:50038 to /127.0.0.1:49289" [_thread_blocked, id=232, stack(0x000000df1f000000,0x000000df1f100000)]
  0x000002cdea9f3000 JavaThread "Stdin handler" [_thread_blocked, id=11716, stack(0x000000df1f100000,0x000000df1f200000)]
  0x000002cdea9f1800 JavaThread "Daemon client event forwarder" [_thread_blocked, id=19288, stack(0x000000df1f200000,0x000000df1f300000)]
  0x000002cdea9f0800 JavaThread "Cache worker for file hash cache (C:\Users\Omar\Documents\GitHub\WorkoutApp\.gradle\7.0.2\fileHashes)" [_thread_blocked, id=8568, stack(0x000000df1f300000,0x000000df1f400000)]
  0x000002cdea9fc000 JavaThread "Cache worker for checksums cache (C:\Users\Omar\Documents\GitHub\WorkoutApp\.gradle\checksums)" [_thread_blocked, id=7148, stack(0x000000df1f400000,0x000000df1f500000)]
  0x000002cdea9fb000 JavaThread "Cache worker for cache directory md-supplier (C:\Users\Omar\.gradle\caches\7.0.2\md-supplier)" [_thread_blocked, id=20676, stack(0x000000df1f500000,0x000000df1f600000)]
  0x000002cdea9f9000 JavaThread "Cache worker for cache directory md-rule (C:\Users\Omar\.gradle\caches\7.0.2\md-rule)" [_thread_blocked, id=4884, stack(0x000000df1fa00000,0x000000df1fb00000)]
  0x000002cdea9f9800 JavaThread "Cache worker for dependencies-accessors (C:\Users\Omar\Documents\GitHub\WorkoutApp\.gradle\7.0.2\dependencies-accessors)" [_thread_blocked, id=21380, stack(0x000000df1fb00000,0x000000df1fc00000)]
  0x000002cdea9fd000 JavaThread "Cache worker for Build Output Cleanup Cache (C:\Users\Omar\Documents\GitHub\WorkoutApp\.gradle\buildOutputCleanup)" [_thread_blocked, id=2772, stack(0x000000df1fe00000,0x000000df1ff00000)]
  0x000002cdedfd6800 JavaThread "C2 CompilerThread1" daemon [_thread_in_native, id=3492, stack(0x000000df1ff00000,0x000000df20000000)]
  0x000002cdea9f7000 JavaThread "Build operations" [_thread_blocked, id=21248, stack(0x000000df20000000,0x000000df20100000)]
  0x000002cdea9fa800 JavaThread "Build operations Thread 2" [_thread_blocked, id=20700, stack(0x000000df20500000,0x000000df20600000)]
  0x000002cdea9fd800 JavaThread "Build operations Thread 3" [_thread_blocked, id=23348, stack(0x000000df20700000,0x000000df20800000)]
  0x000002cdea9f8000 JavaThread "Build operations Thread 4" [_thread_blocked, id=18192, stack(0x000000df20800000,0x000000df20900000)]
  0x000002cdea9fe800 JavaThread "build event listener" [_thread_blocked, id=12156, stack(0x000000df20900000,0x000000df20a00000)]
  0x000002cdea92c800 JavaThread "Execution worker for ':'" [_thread_in_Java, id=10580, stack(0x000000df20a00000,0x000000df20b00000)]
  0x000002cdea92f800 JavaThread "Execution worker for ':' Thread 2" [_thread_blocked, id=18860, stack(0x000000df20b00000,0x000000df20c00000)]
  0x000002cdea933000 JavaThread "Execution worker for ':' Thread 3" [_thread_blocked, id=14268, stack(0x000000df20e00000,0x000000df20f00000)]
  0x000002cdea930800 JavaThread "Cache worker for execution history cache (C:\Users\Omar\Documents\GitHub\WorkoutApp\.gradle\7.0.2\executionHistory)" [_thread_blocked, id=11300, stack(0x000000df20f00000,0x000000df21000000)]

Other Threads:
  0x000002cde6322000 VMThread "VM Thread" [stack: 0x000000df1df00000,0x000000df1e000000] [id=20088]
  0x000002cde6d77800 WatcherThread [stack: 0x000000df1e900000,0x000000df1ea00000] [id=4812]
  0x000002cdcc778000 GCTaskThread "GC Thread#0" [stack: 0x000000df1da00000,0x000000df1db00000] [id=15672]
  0x000002cde79b2000 GCTaskThread "GC Thread#1" [stack: 0x000000df1eb00000,0x000000df1ec00000] [id=9392]
  0x000002cde6ef1000 GCTaskThread "GC Thread#2" [stack: 0x000000df1ec00000,0x000000df1ed00000] [id=5324]
  0x000002cde93a4000 GCTaskThread "GC Thread#3" [stack: 0x000000df1f800000,0x000000df1f900000] [id=6508]
  0x000002cdcc7a9800 ConcurrentGCThread "G1 Main Marker" [stack: 0x000000df1db00000,0x000000df1dc00000] [id=876]
  0x000002cdcc7aa800 ConcurrentGCThread "G1 Conc#0" [stack: 0x000000df1dc00000,0x000000df1dd00000] [id=15160]
  0x000002cdcc836800 ConcurrentGCThread "G1 Refine#0" [stack: 0x000000df1dd00000,0x000000df1de00000] [id=10108]
  0x000002cdcc837800 ConcurrentGCThread "G1 Young RemSet Sampling" [stack: 0x000000df1de00000,0x000000df1df00000] [id=13952]

Threads with active compile tasks:
C2 CompilerThread01163344 16882       4       org.gradle.api.internal.artifacts.ivyservice.modulecache.ModuleMetadataSerializer$Reader::readMavenDependency (142 bytes)
C2 CompilerThread11163344 16913       4       org.gradle.api.internal.artifacts.transform.TransformationChain::visitTransformationSteps (21 bytes)

VM state:not at safepoint (normal execution)

VM Mutex/Monitor currently owned by a thread: None

Heap address: 0x0000000080000000, size: 2048 MB, Compressed Oops mode: 32-bit
Narrow klass base: 0x0000000000000000, Narrow klass shift: 3
Compressed class space size: 1073741824 Address: 0x0000000100000000

Heap:
 garbage-first heap   total 157696K, used 117403K [0x0000000080000000, 0x0000000100000000)
  region size 1024K, 32 young (32768K), 1 survivors (1024K)
 Metaspace       used 117386K, capacity 120639K, committed 121344K, reserved 1155072K
  class space    used 15041K, capacity 16252K, committed 16460K, reserved 1048576K
Heap Regions: E=young(eden), S=young(survivor), O=old, HS=humongous(starts), HC=humongous(continues), CS=collection set, F=free, A=archive, TAMS=top-at-mark-start (previous, next)
|   0|0x0000000080000000, 0x0000000080100000, 0x0000000080100000|100%| O|  |TAMS 0x0000000080100000, 0x0000000080000000| Untracked 
|   1|0x0000000080100000, 0x0000000080200000, 0x0000000080200000|100%| O|  |TAMS 0x0000000080200000, 0x0000000080100000| Untracked 
|   2|0x0000000080200000, 0x0000000080300000, 0x0000000080300000|100%| O|  |TAMS 0x0000000080300000, 0x0000000080200000| Untracked 
|   3|0x0000000080300000, 0x0000000080400000, 0x0000000080400000|100%|HS|  |TAMS 0x0000000080400000, 0x0000000080300000| Complete 
|   4|0x0000000080400000, 0x0000000080500000, 0x0000000080500000|100%|HC|  |TAMS 0x0000000080500000, 0x0000000080400000| Complete 
|   5|0x0000000080500000, 0x0000000080600000, 0x0000000080600000|100%|HC|  |TAMS 0x0000000080600000, 0x0000000080500000| Complete 
|   6|0x0000000080600000, 0x0000000080700000, 0x0000000080700000|100%| O|  |TAMS 0x0000000080700000, 0x0000000080600000| Untracked 
|   7|0x0000000080700000, 0x0000000080800000, 0x0000000080800000|100%| O|  |TAMS 0x0000000080800000, 0x0000000080700000| Untracked 
|   8|0x0000000080800000, 0x0000000080900000, 0x0000000080900000|100%| O|  |TAMS 0x0000000080900000, 0x0000000080800000| Untracked 
|   9|0x0000000080900000, 0x0000000080a00000, 0x0000000080a00000|100%| O|  |TAMS 0x0000000080a00000, 0x0000000080900000| Untracked 
|  10|0x0000000080a00000, 0x0000000080b00000, 0x0000000080b00000|100%| O|  |TAMS 0x0000000080b00000, 0x0000000080a00000| Untracked 
|  11|0x0000000080b00000, 0x0000000080c00000, 0x0000000080c00000|100%| O|  |TAMS 0x0000000080c00000, 0x0000000080b00000| Untracked 
|  12|0x0000000080c00000, 0x0000000080d00000, 0x0000000080d00000|100%| O|  |TAMS 0x0000000080d00000, 0x0000000080c00000| Untracked 
|  13|0x0000000080d00000, 0x0000000080e00000, 0x0000000080e00000|100%| O|  |TAMS 0x0000000080e00000, 0x0000000080d00000| Untracked 
|  14|0x0000000080e00000, 0x0000000080f00000, 0x0000000080f00000|100%| O|  |TAMS 0x0000000080f00000, 0x0000000080e00000| Untracked 
|  15|0x0000000080f00000, 0x0000000081000000, 0x0000000081000000|100%| O|  |TAMS 0x0000000081000000, 0x0000000080f00000| Untracked 
|  16|0x0000000081000000, 0x0000000081100000, 0x0000000081100000|100%| O|  |TAMS 0x0000000081100000, 0x0000000081000000| Untracked 
|  17|0x0000000081100000, 0x0000000081200000, 0x0000000081200000|100%|HS|  |TAMS 0x0000000081200000, 0x0000000081100000| Complete 
|  18|0x0000000081200000, 0x0000000081300000, 0x0000000081300000|100%| O|  |TAMS 0x0000000081300000, 0x0000000081200000| Untracked 
|  19|0x0000000081300000, 0x0000000081400000, 0x0000000081400000|100%| O|  |TAMS 0x0000000081400000, 0x0000000081300000| Untracked 
|  20|0x0000000081400000, 0x0000000081500000, 0x0000000081500000|100%| O|  |TAMS 0x0000000081500000, 0x0000000081400000| Untracked 
|  21|0x0000000081500000, 0x0000000081600000, 0x0000000081600000|100%| O|  |TAMS 0x0000000081600000, 0x0000000081500000| Untracked 
|  22|0x0000000081600000, 0x0000000081700000, 0x0000000081700000|100%| O|  |TAMS 0x0000000081700000, 0x0000000081600000| Untracked 
|  23|0x0000000081700000, 0x0000000081800000, 0x0000000081800000|100%|HS|  |TAMS 0x0000000081800000, 0x0000000081700000| Complete 
|  24|0x0000000081800000, 0x0000000081900000, 0x0000000081900000|100%|HS|  |TAMS 0x0000000081900000, 0x0000000081800000| Complete 
|  25|0x0000000081900000, 0x0000000081a00000, 0x0000000081a00000|100%|HC|  |TAMS 0x0000000081a00000, 0x0000000081900000| Complete 
|  26|0x0000000081a00000, 0x0000000081b00000, 0x0000000081b00000|100%| O|  |TAMS 0x0000000081b00000, 0x0000000081a00000| Untracked 
|  27|0x0000000081b00000, 0x0000000081c00000, 0x0000000081c00000|100%| O|  |TAMS 0x0000000081c00000, 0x0000000081b00000| Untracked 
|  28|0x0000000081c00000, 0x0000000081d00000, 0x0000000081d00000|100%| O|  |TAMS 0x0000000081d00000, 0x0000000081c00000| Untracked 
|  29|0x0000000081d00000, 0x0000000081e00000, 0x0000000081e00000|100%| O|  |TAMS 0x0000000081e00000, 0x0000000081d00000| Untracked 
|  30|0x0000000081e00000, 0x0000000081f00000, 0x0000000081f00000|100%| O|  |TAMS 0x0000000081f00000, 0x0000000081e00000| Untracked 
|  31|0x0000000081f00000, 0x0000000082000000, 0x0000000082000000|100%| O|  |TAMS 0x0000000082000000, 0x0000000081f00000| Untracked 
|  32|0x0000000082000000, 0x0000000082100000, 0x0000000082100000|100%| O|  |TAMS 0x0000000082100000, 0x0000000082000000| Untracked 
|  33|0x0000000082100000, 0x0000000082200000, 0x0000000082200000|100%| O|  |TAMS 0x0000000082200000, 0x0000000082100000| Untracked 
|  34|0x0000000082200000, 0x0000000082300000, 0x0000000082300000|100%| O|  |TAMS 0x0000000082300000, 0x0000000082200000| Untracked 
|  35|0x0000000082300000, 0x0000000082400000, 0x0000000082400000|100%| O|  |TAMS 0x0000000082400000, 0x0000000082300000| Untracked 
|  36|0x0000000082400000, 0x0000000082500000, 0x0000000082500000|100%| O|  |TAMS 0x0000000082500000, 0x0000000082400000| Untracked 
|  37|0x0000000082500000, 0x0000000082600000, 0x0000000082600000|100%| O|  |TAMS 0x0000000082600000, 0x0000000082500000| Untracked 
|  38|0x0000000082600000, 0x0000000082700000, 0x0000000082700000|100%| O|  |TAMS 0x0000000082600000, 0x0000000082600000| Untracked 
|  39|0x0000000082700000, 0x0000000082800000, 0x0000000082800000|100%| O|  |TAMS 0x0000000082800000, 0x0000000082700000| Untracked 
|  40|0x0000000082800000, 0x0000000082900000, 0x0000000082900000|100%| O|  |TAMS 0x0000000082900000, 0x0000000082800000| Untracked 
|  41|0x0000000082900000, 0x0000000082a00000, 0x0000000082a00000|100%| O|  |TAMS 0x0000000082a00000, 0x0000000082900000| Untracked 
|  42|0x0000000082a00000, 0x0000000082b00000, 0x0000000082b00000|100%| O|  |TAMS 0x0000000082b00000, 0x0000000082a00000| Untracked 
|  43|0x0000000082b00000, 0x0000000082c00000, 0x0000000082c00000|100%| O|  |TAMS 0x0000000082c00000, 0x0000000082b00000| Untracked 
|  44|0x0000000082c00000, 0x0000000082d00000, 0x0000000082d00000|100%| O|  |TAMS 0x0000000082d00000, 0x0000000082c00000| Untracked 
|  45|0x0000000082d00000, 0x0000000082e00000, 0x0000000082e00000|100%| O|  |TAMS 0x0000000082e00000, 0x0000000082d00000| Untracked 
|  46|0x0000000082e00000, 0x0000000082f00000, 0x0000000082f00000|100%| O|  |TAMS 0x0000000082f00000, 0x0000000082e00000| Untracked 
|  47|0x0000000082f00000, 0x0000000083000000, 0x0000000083000000|100%| O|  |TAMS 0x0000000083000000, 0x0000000082f00000| Untracked 
|  48|0x0000000083000000, 0x0000000083100000, 0x0000000083100000|100%| O|  |TAMS 0x0000000083100000, 0x0000000083000000| Untracked 
|  49|0x0000000083100000, 0x0000000083200000, 0x0000000083200000|100%| O|  |TAMS 0x0000000083200000, 0x0000000083100000| Untracked 
|  50|0x0000000083200000, 0x0000000083200000, 0x0000000083300000|  0%| F|  |TAMS 0x0000000083200000, 0x0000000083200000| Untracked 
|  51|0x0000000083300000, 0x0000000083400000, 0x0000000083400000|100%| O|  |TAMS 0x0000000083400000, 0x0000000083300000| Untracked 
|  52|0x0000000083400000, 0x0000000083500000, 0x0000000083500000|100%| O|  |TAMS 0x0000000083500000, 0x0000000083400000| Untracked 
|  53|0x0000000083500000, 0x0000000083600000, 0x0000000083600000|100%| O|  |TAMS 0x0000000083600000, 0x0000000083500000| Untracked 
|  54|0x0000000083600000, 0x0000000083700000, 0x0000000083700000|100%| O|  |TAMS 0x0000000083700000, 0x0000000083600000| Untracked 
|  55|0x0000000083700000, 0x0000000083800000, 0x0000000083800000|100%| O|  |TAMS 0x0000000083800000, 0x0000000083700000| Untracked 
|  56|0x0000000083800000, 0x0000000083800000, 0x0000000083900000|  0%| F|  |TAMS 0x0000000083800000, 0x0000000083800000| Untracked 
|  57|0x0000000083900000, 0x0000000083a00000, 0x0000000083a00000|100%| O|  |TAMS 0x0000000083a00000, 0x0000000083900000| Untracked 
|  58|0x0000000083a00000, 0x0000000083b00000, 0x0000000083b00000|100%| O|  |TAMS 0x0000000083b00000, 0x0000000083a00000| Untracked 
|  59|0x0000000083b00000, 0x0000000083c00000, 0x0000000083c00000|100%| O|  |TAMS 0x0000000083c00000, 0x0000000083b00000| Untracked 
|  60|0x0000000083c00000, 0x0000000083d00000, 0x0000000083d00000|100%| O|  |TAMS 0x0000000083d00000, 0x0000000083c00000| Untracked 
|  61|0x0000000083d00000, 0x0000000083e00000, 0x0000000083e00000|100%| O|  |TAMS 0x0000000083e00000, 0x0000000083d00000| Untracked 
|  62|0x0000000083e00000, 0x0000000083f00000, 0x0000000083f00000|100%| O|  |TAMS 0x0000000083f00000, 0x0000000083e00000| Untracked 
|  63|0x0000000083f00000, 0x0000000084000000, 0x0000000084000000|100%| O|  |TAMS 0x0000000083f00000, 0x0000000083f00000| Untracked 
|  64|0x0000000084000000, 0x0000000084100000, 0x0000000084100000|100%| O|  |TAMS 0x0000000084000000, 0x0000000084000000| Untracked 
|  65|0x0000000084100000, 0x0000000084200000, 0x0000000084200000|100%| O|  |TAMS 0x0000000084200000, 0x0000000084100000| Untracked 
|  66|0x0000000084200000, 0x0000000084300000, 0x0000000084300000|100%|HS|  |TAMS 0x0000000084300000, 0x0000000084200000| Complete 
|  67|0x0000000084300000, 0x0000000084400000, 0x0000000084400000|100%|HC|  |TAMS 0x0000000084400000, 0x0000000084300000| Complete 
|  68|0x0000000084400000, 0x0000000084500000, 0x0000000084500000|100%| O|  |TAMS 0x0000000084500000, 0x0000000084400000| Untracked 
|  69|0x0000000084500000, 0x0000000084600000, 0x0000000084600000|100%| O|  |TAMS 0x0000000084600000, 0x0000000084500000| Untracked 
|  70|0x0000000084600000, 0x0000000084700000, 0x0000000084700000|100%| O|  |TAMS 0x0000000084700000, 0x0000000084600000| Untracked 
|  71|0x0000000084700000, 0x0000000084800000, 0x0000000084800000|100%| O|  |TAMS 0x0000000084800000, 0x0000000084700000| Untracked 
|  72|0x0000000084800000, 0x0000000084900000, 0x0000000084900000|100%| O|  |TAMS 0x0000000084900000, 0x0000000084800000| Untracked 
|  73|0x0000000084900000, 0x0000000084a00000, 0x0000000084a00000|100%| O|  |TAMS 0x0000000084a00000, 0x0000000084900000| Untracked 
|  74|0x0000000084a00000, 0x0000000084a00000, 0x0000000084b00000|  0%| F|  |TAMS 0x0000000084a00000, 0x0000000084a00000| Untracked 
|  75|0x0000000084b00000, 0x0000000084c00000, 0x0000000084c00000|100%| O|  |TAMS 0x0000000084c00000, 0x0000000084b00000| Untracked 
|  76|0x0000000084c00000, 0x0000000084d00000, 0x0000000084d00000|100%| O|  |TAMS 0x0000000084c00000, 0x0000000084c00000| Untracked 
|  77|0x0000000084d00000, 0x0000000084da8600, 0x0000000084e00000| 65%| O|  |TAMS 0x0000000084d00000, 0x0000000084d00000| Untracked 
|  78|0x0000000084e00000, 0x0000000084e00000, 0x0000000084f00000|  0%| F|  |TAMS 0x0000000084e00000, 0x0000000084e00000| Untracked 
|  79|0x0000000084f00000, 0x0000000084f00000, 0x0000000085000000|  0%| F|  |TAMS 0x0000000084f00000, 0x0000000084f00000| Untracked 
|  80|0x0000000085000000, 0x0000000085100000, 0x0000000085100000|100%| O|  |TAMS 0x0000000085100000, 0x0000000085000000| Untracked 
|  81|0x0000000085100000, 0x0000000085200000, 0x0000000085200000|100%| O|  |TAMS 0x0000000085200000, 0x0000000085100000| Untracked 
|  82|0x0000000085200000, 0x0000000085300000, 0x0000000085300000|100%| O|  |TAMS 0x0000000085300000, 0x0000000085200000| Untracked 
|  83|0x0000000085300000, 0x0000000085300000, 0x0000000085400000|  0%| F|  |TAMS 0x0000000085300000, 0x0000000085300000| Untracked 
|  84|0x0000000085400000, 0x0000000085400000, 0x0000000085500000|  0%| F|  |TAMS 0x0000000085400000, 0x0000000085400000| Untracked 
|  85|0x0000000085500000, 0x0000000085500000, 0x0000000085600000|  0%| F|  |TAMS 0x0000000085500000, 0x0000000085500000| Untracked 
|  86|0x0000000085600000, 0x0000000085600000, 0x0000000085700000|  0%| F|  |TAMS 0x0000000085600000, 0x0000000085600000| Untracked 
|  87|0x0000000085700000, 0x0000000085700000, 0x0000000085800000|  0%| F|  |TAMS 0x0000000085700000, 0x0000000085700000| Untracked 
|  88|0x0000000085800000, 0x0000000085800000, 0x0000000085900000|  0%| F|  |TAMS 0x0000000085800000, 0x0000000085800000| Untracked 
|  89|0x0000000085900000, 0x0000000085900000, 0x0000000085a00000|  0%| F|  |TAMS 0x0000000085900000, 0x0000000085900000| Untracked 
|  90|0x0000000085a00000, 0x0000000085a00000, 0x0000000085b00000|  0%| F|  |TAMS 0x0000000085a00000, 0x0000000085a00000| Untracked 
|  91|0x0000000085b00000, 0x0000000085b00000, 0x0000000085c00000|  0%| F|  |TAMS 0x0000000085b00000, 0x0000000085b00000| Untracked 
|  92|0x0000000085c00000, 0x0000000085d00000, 0x0000000085d00000|100%| O|  |TAMS 0x0000000085d00000, 0x0000000085c00000| Untracked 
|  93|0x0000000085d00000, 0x0000000085e00000, 0x0000000085e00000|100%| O|  |TAMS 0x0000000085e00000, 0x0000000085d00000| Untracked 
|  94|0x0000000085e00000, 0x0000000085f00000, 0x0000000085f00000|100%| O|  |TAMS 0x0000000085f00000, 0x0000000085e00000| Untracked 
|  95|0x0000000085f00000, 0x0000000086000000, 0x0000000086000000|100%| O|  |TAMS 0x0000000086000000, 0x0000000085f00000| Untracked 
|  96|0x0000000086000000, 0x0000000086100000, 0x0000000086100000|100%| O|  |TAMS 0x0000000086100000, 0x0000000086000000| Untracked 
|  97|0x0000000086100000, 0x0000000086200000, 0x0000000086200000|100%| O|  |TAMS 0x0000000086200000, 0x0000000086100000| Untracked 
|  98|0x0000000086200000, 0x0000000086300000, 0x0000000086300000|100%| O|  |TAMS 0x00000000862baa00, 0x0000000086200000| Untracked 
|  99|0x0000000086300000, 0x0000000086300000, 0x0000000086400000|  0%| F|  |TAMS 0x0000000086300000, 0x0000000086300000| Untracked 
| 100|0x0000000086400000, 0x0000000086400000, 0x0000000086500000|  0%| F|  |TAMS 0x0000000086400000, 0x0000000086400000| Untracked 
| 101|0x0000000086500000, 0x0000000086500000, 0x0000000086600000|  0%| F|  |TAMS 0x0000000086500000, 0x0000000086500000| Untracked 
| 102|0x0000000086600000, 0x0000000086600000, 0x0000000086700000|  0%| F|  |TAMS 0x0000000086600000, 0x0000000086600000| Untracked 
| 103|0x0000000086700000, 0x0000000086700000, 0x0000000086800000|  0%| F|  |TAMS 0x0000000086700000, 0x0000000086700000| Untracked 
| 104|0x0000000086800000, 0x0000000086800000, 0x0000000086900000|  0%| F|  |TAMS 0x0000000086800000, 0x0000000086800000| Untracked 
| 105|0x0000000086900000, 0x0000000086900000, 0x0000000086a00000|  0%| F|  |TAMS 0x0000000086900000, 0x0000000086900000| Untracked 
| 106|0x0000000086a00000, 0x0000000086a00000, 0x0000000086b00000|  0%| F|  |TAMS 0x0000000086a00000, 0x0000000086a00000| Untracked 
| 107|0x0000000086b00000, 0x0000000086b00000, 0x0000000086c00000|  0%| F|  |TAMS 0x0000000086b00000, 0x0000000086b00000| Untracked 
| 108|0x0000000086c00000, 0x0000000086c00000, 0x0000000086d00000|  0%| F|  |TAMS 0x0000000086c00000, 0x0000000086c00000| Untracked 
| 109|0x0000000086d00000, 0x0000000086d00000, 0x0000000086e00000|  0%| F|  |TAMS 0x0000000086d00000, 0x0000000086d00000| Untracked 
| 110|0x0000000086e00000, 0x0000000086e00000, 0x0000000086f00000|  0%| F|  |TAMS 0x0000000086e00000, 0x0000000086e00000| Untracked 
| 111|0x0000000086f00000, 0x0000000086f00000, 0x0000000087000000|  0%| F|  |TAMS 0x0000000086f00000, 0x0000000086f00000| Untracked 
| 112|0x0000000087000000, 0x0000000087000000, 0x0000000087100000|  0%| F|  |TAMS 0x0000000087000000, 0x0000000087000000| Untracked 
| 113|0x0000000087100000, 0x0000000087100000, 0x0000000087200000|  0%| F|  |TAMS 0x0000000087100000, 0x0000000087100000| Untracked 
| 114|0x0000000087200000, 0x0000000087200000, 0x0000000087300000|  0%| F|  |TAMS 0x0000000087200000, 0x0000000087200000| Untracked 
| 115|0x0000000087300000, 0x0000000087300000, 0x0000000087400000|  0%| F|  |TAMS 0x0000000087300000, 0x0000000087300000| Untracked 
| 116|0x0000000087400000, 0x0000000087400000, 0x0000000087500000|  0%| F|  |TAMS 0x0000000087400000, 0x0000000087400000| Untracked 
| 117|0x0000000087500000, 0x0000000087500000, 0x0000000087600000|  0%| F|  |TAMS 0x0000000087500000, 0x0000000087500000| Untracked 
| 118|0x0000000087600000, 0x0000000087600000, 0x0000000087700000|  0%| F|  |TAMS 0x0000000087600000, 0x0000000087600000| Untracked 
| 119|0x0000000087700000, 0x0000000087700000, 0x0000000087800000|  0%| F|  |TAMS 0x0000000087700000, 0x0000000087700000| Untracked 
| 120|0x0000000087800000, 0x0000000087800000, 0x0000000087900000|  0%| F|  |TAMS 0x0000000087800000, 0x0000000087800000| Untracked 
| 121|0x0000000087900000, 0x0000000087900000, 0x0000000087a00000|  0%| F|  |TAMS 0x0000000087900000, 0x0000000087900000| Untracked 
| 122|0x0000000087a00000, 0x0000000087a8b130, 0x0000000087b00000| 54%| E|  |TAMS 0x0000000087a00000, 0x0000000087a00000| Complete 
| 123|0x0000000087b00000, 0x0000000087c00000, 0x0000000087c00000|100%| E|CS|TAMS 0x0000000087b00000, 0x0000000087b00000| Complete 
| 124|0x0000000087c00000, 0x0000000087d00000, 0x0000000087d00000|100%| E|CS|TAMS 0x0000000087c00000, 0x0000000087c00000| Complete 
| 125|0x0000000087d00000, 0x0000000087e00000, 0x0000000087e00000|100%| E|CS|TAMS 0x0000000087d00000, 0x0000000087d00000| Complete 
| 126|0x0000000087e00000, 0x0000000087f00000, 0x0000000087f00000|100%| E|CS|TAMS 0x0000000087e00000, 0x0000000087e00000| Complete 
| 127|0x0000000087f00000, 0x0000000088000000, 0x0000000088000000|100%| E|CS|TAMS 0x0000000087f00000, 0x0000000087f00000| Complete 
| 128|0x0000000088000000, 0x0000000088100000, 0x0000000088100000|100%| E|CS|TAMS 0x0000000088000000, 0x0000000088000000| Complete 
| 129|0x0000000088100000, 0x0000000088200000, 0x0000000088200000|100%| E|CS|TAMS 0x0000000088100000, 0x0000000088100000| Complete 
| 130|0x0000000088200000, 0x0000000088300000, 0x0000000088300000|100%| E|CS|TAMS 0x0000000088200000, 0x0000000088200000| Complete 
| 131|0x0000000088300000, 0x0000000088400000, 0x0000000088400000|100%| E|CS|TAMS 0x0000000088300000, 0x0000000088300000| Complete 
| 132|0x0000000088400000, 0x0000000088500000, 0x0000000088500000|100%| E|CS|TAMS 0x0000000088400000, 0x0000000088400000| Complete 
| 133|0x0000000088500000, 0x0000000088600000, 0x0000000088600000|100%| E|CS|TAMS 0x0000000088500000, 0x0000000088500000| Complete 
| 134|0x0000000088600000, 0x0000000088700000, 0x0000000088700000|100%| E|CS|TAMS 0x0000000088600000, 0x0000000088600000| Complete 
| 135|0x0000000088700000, 0x0000000088800000, 0x0000000088800000|100%| E|CS|TAMS 0x0000000088700000, 0x0000000088700000| Complete 
| 136|0x0000000088800000, 0x0000000088900000, 0x0000000088900000|100%| E|CS|TAMS 0x0000000088800000, 0x0000000088800000| Complete 
| 137|0x0000000088900000, 0x0000000088a00000, 0x0000000088a00000|100%| E|CS|TAMS 0x0000000088900000, 0x0000000088900000| Complete 
| 138|0x0000000088a00000, 0x0000000088b00000, 0x0000000088b00000|100%| E|CS|TAMS 0x0000000088a00000, 0x0000000088a00000| Complete 
| 139|0x0000000088b00000, 0x0000000088c00000, 0x0000000088c00000|100%| E|CS|TAMS 0x0000000088b00000, 0x0000000088b00000| Complete 
| 140|0x0000000088c00000, 0x0000000088d00000, 0x0000000088d00000|100%| E|CS|TAMS 0x0000000088c00000, 0x0000000088c00000| Complete 
| 141|0x0000000088d00000, 0x0000000088e00000, 0x0000000088e00000|100%| E|CS|TAMS 0x0000000088d00000, 0x0000000088d00000| Complete 
| 142|0x0000000088e00000, 0x0000000088f00000, 0x0000000088f00000|100%| E|  |TAMS 0x0000000088e00000, 0x0000000088e00000| Complete 
| 143|0x0000000088f00000, 0x0000000089000000, 0x0000000089000000|100%| E|CS|TAMS 0x0000000088f00000, 0x0000000088f00000| Complete 
| 144|0x0000000089000000, 0x0000000089100000, 0x0000000089100000|100%| E|CS|TAMS 0x0000000089000000, 0x0000000089000000| Complete 
| 145|0x0000000089100000, 0x0000000089200000, 0x0000000089200000|100%| E|CS|TAMS 0x0000000089100000, 0x0000000089100000| Complete 
| 146|0x0000000089200000, 0x0000000089300000, 0x0000000089300000|100%| E|CS|TAMS 0x0000000089200000, 0x0000000089200000| Complete 
| 147|0x0000000089300000, 0x0000000089400000, 0x0000000089400000|100%| E|CS|TAMS 0x0000000089300000, 0x0000000089300000| Complete 
| 148|0x0000000089400000, 0x0000000089500000, 0x0000000089500000|100%| E|CS|TAMS 0x0000000089400000, 0x0000000089400000| Complete 
| 149|0x0000000089500000, 0x0000000089600000, 0x0000000089600000|100%| E|CS|TAMS 0x0000000089500000, 0x0000000089500000| Complete 
| 150|0x0000000089600000, 0x00000000896fe600, 0x0000000089700000| 99%| S|CS|TAMS 0x0000000089600000, 0x0000000089600000| Complete 
| 151|0x0000000089700000, 0x0000000089800000, 0x0000000089800000|100%| E|CS|TAMS 0x0000000089700000, 0x0000000089700000| Complete 
| 152|0x0000000089800000, 0x0000000089900000, 0x0000000089900000|100%| E|CS|TAMS 0x0000000089800000, 0x0000000089800000| Complete 
| 153|0x0000000089900000, 0x0000000089a00000, 0x0000000089a00000|100%| E|CS|TAMS 0x0000000089900000, 0x0000000089900000| Complete 

Card table byte_map: [0x000002cddf650000,0x000002cddfa50000] _byte_map_base: 0x000002cddf250000

Marking Bits (Prev, Next): (CMBitMap*) 0x000002cdcc7a0858, (CMBitMap*) 0x000002cdcc7a0890
 Prev Bits: [0x000002cddfe50000, 0x000002cde1e50000)
 Next Bits: [0x000002cde1e50000, 0x000002cde3e50000)

Polling page: 0x000002cdca780000

Metaspace:

Usage:
  Non-class:    101.94 MB capacity,    99.95 MB ( 98%) used,     1.62 MB (  2%) free+waste,   383.19 KB ( <1%) overhead. 
      Class:     15.87 MB capacity,    14.69 MB ( 93%) used,     1.02 MB (  6%) free+waste,   170.94 KB (  1%) overhead. 
       Both:    117.81 MB capacity,   114.64 MB ( 97%) used,     2.64 MB (  2%) free+waste,   554.13 KB ( <1%) overhead. 

Virtual space:
  Non-class space:      104.00 MB reserved,     102.43 MB ( 98%) committed 
      Class space:        1.00 GB reserved,      16.07 MB (  2%) committed 
             Both:        1.10 GB reserved,     118.50 MB ( 11%) committed 

Chunk freelists:
   Non-Class:  369.00 KB
       Class:  196.00 KB
        Both:  565.00 KB

MaxMetaspaceSize: 17179869184.00 GB
CompressedClassSpaceSize: 1.00 GB

CodeHeap 'non-profiled nmethods': size=120064Kb used=11351Kb max_used=11351Kb free=108712Kb
 bounds [0x000002cdd7d10000, 0x000002cdd8830000, 0x000002cddf250000]
CodeHeap 'profiled nmethods': size=120000Kb used=38653Kb max_used=38653Kb free=81346Kb
 bounds [0x000002cdd07e0000, 0x000002cdd2da0000, 0x000002cdd7d10000]
CodeHeap 'non-nmethods': size=5696Kb used=2335Kb max_used=2383Kb free=3360Kb
 bounds [0x000002cdd0250000, 0x000002cdd04c0000, 0x000002cdd07e0000]
 total_blobs=17814 nmethods=16858 adapters=865
 compilation: enabled
              stopped_count=0, restarted_count=0
 full_count=0

Compilation events (20 events):
Event: 1163.230 Thread 0x000002cde6bae800 16890       3       org.gradle.internal.component.external.model.VariantMetadataRules$VariantAction::<init> (15 bytes)
Event: 1163.230 Thread 0x000002cde6bae800 nmethod 16890 0x000002cdd2d8d910 code [0x000002cdd2d8dac0, 0x000002cdd2d8dcd8]
Event: 1163.230 Thread 0x000002cde6bae800 16891       3       org.gradle.internal.component.external.model.VariantMetadataRules::addDependencyAction (35 bytes)
Event: 1163.231 Thread 0x000002cde6bae800 nmethod 16891 0x000002cdd2d8dd90 code [0x000002cdd2d8df80, 0x000002cdd2d8e318]
Event: 1163.231 Thread 0x000002cdedfd6800 nmethod 16880 0x000002cdd881b690 code [0x000002cdd881b8e0, 0x000002cdd881cb68]
Event: 1163.231 Thread 0x000002cdedfd6800 16883       4       org.gradle.api.internal.artifacts.ivyservice.modulecache.ModuleMetadataSerializer$Reader::readMavenDependencyExcludes (68 bytes)
Event: 1163.237 Thread 0x000002cde6bae800 16892       3       org.gradle.internal.component.model.MultipleCandidateMatcher::disambiguateWithAttribute (60 bytes)
Event: 1163.238 Thread 0x000002cde6bae800 nmethod 16892 0x000002cdd2d8e490 code [0x000002cdd2d8e6e0, 0x000002cdd2d8edd8]
Event: 1163.239 Thread 0x000002cde6bae800 16893       3       org.gradle.api.internal.artifacts.ivyservice.resolveengine.graph.builder.DependencyGraphBuilder::maybeDownloadMetadataInParallel (180 bytes)
Event: 1163.241 Thread 0x000002cde6bae800 nmethod 16893 0x000002cdd2d8f110 code [0x000002cdd2d8f5e0, 0x000002cdd2d92128]
Event: 1163.270 Thread 0x000002cde6bae800 16895       3       org.gradle.api.internal.artifacts.repositories.resolver.ComponentMetadataDetailsAdapter::<init> (38 bytes)
Event: 1163.270 Thread 0x000002cde6bae800 nmethod 16895 0x000002cdd2d93010 code [0x000002cdd2d931e0, 0x000002cdd2d93578]
Event: 1163.270 Thread 0x000002cde6bae800 16896       3       org.gradle.api.internal.artifacts.repositories.resolver.VariantMetadataAdapter::<init> (32 bytes)
Event: 1163.270 Thread 0x000002cde6bae800 nmethod 16896 0x000002cdd2d93690 code [0x000002cdd2d93860, 0x000002cdd2d93b98]
Event: 1163.289 Thread 0x000002cdedfd6800 nmethod 16883 0x000002cdd881e390 code [0x000002cdd881e700, 0x000002cdd88210a8]
Event: 1163.289 Thread 0x000002cdedfd6800 16894       4       java.util.HashMap::computeIfAbsent (330 bytes)
Event: 1163.293 Thread 0x000002cde6bae800 16900   !   3       org.gradle.internal.resources.DefaultResourceLockCoordinationService$DefaultResourceLockState::releaseLocks (76 bytes)
Event: 1163.294 Thread 0x000002cde6bae800 nmethod 16900 0x000002cdd2d93c90 code [0x000002cdd2d93ea0, 0x000002cdd2d94588]
Event: 1163.297 Thread 0x000002cde6bae800 16901       3       org.gradle.internal.resources.DefaultResourceLockCoordinationService$AcquireLocks::transform (62 bytes)
Event: 1163.298 Thread 0x000002cde6bae800 nmethod 16901 0x000002cdd2d94890 code [0x000002cdd2d94aa0, 0x000002cdd2d95118]

GC Heap History (20 events):
Event: 1003.797 GC heap before
{Heap before GC invocations=21 (full 0):
 garbage-first heap   total 157696K, used 130060K [0x0000000080000000, 0x0000000100000000)
  region size 1024K, 64 young (65536K), 4 survivors (4096K)
 Metaspace       used 83872K, capacity 86114K, committed 86272K, reserved 1124352K
  class space    used 10659K, capacity 11471K, committed 11596K, reserved 1048576K
}
Event: 1003.809 GC heap after
{Heap after GC invocations=22 (full 0):
 garbage-first heap   total 157696K, used 74819K [0x0000000080000000, 0x0000000100000000)
  region size 1024K, 8 young (8192K), 8 survivors (8192K)
 Metaspace       used 83872K, capacity 86114K, committed 86272K, reserved 1124352K
  class space    used 10659K, capacity 11471K, committed 11596K, reserved 1048576K
}
Event: 1006.490 GC heap before
{Heap before GC invocations=22 (full 0):
 garbage-first heap   total 157696K, used 131139K [0x0000000080000000, 0x0000000100000000)
  region size 1024K, 62 young (63488K), 8 survivors (8192K)
 Metaspace       used 90969K, capacity 93346K, committed 93568K, reserved 1130496K
  class space    used 11531K, capacity 12415K, committed 12492K, reserved 1048576K
}
Event: 1006.515 GC heap after
{Heap after GC invocations=23 (full 0):
 garbage-first heap   total 157696K, used 85057K [0x0000000080000000, 0x0000000100000000)
  region size 1024K, 8 young (8192K), 8 survivors (8192K)
 Metaspace       used 90969K, capacity 93346K, committed 93568K, reserved 1130496K
  class space    used 11531K, capacity 12415K, committed 12492K, reserved 1048576K
}
Event: 1007.274 GC heap before
{Heap before GC invocations=23 (full 0):
 garbage-first heap   total 157696K, used 127041K [0x0000000080000000, 0x0000000100000000)
  region size 1024K, 50 young (51200K), 8 survivors (8192K)
 Metaspace       used 96961K, capacity 99343K, committed 99584K, reserved 1136640K
  class space    used 12155K, capacity 13024K, committed 13132K, reserved 1048576K
}
Event: 1007.318 GC heap after
{Heap after GC invocations=24 (full 0):
 garbage-first heap   total 157696K, used 92112K [0x0000000080000000, 0x0000000100000000)
  region size 1024K, 7 young (7168K), 7 survivors (7168K)
 Metaspace       used 96961K, capacity 99343K, committed 99584K, reserved 1136640K
  class space    used 12155K, capacity 13024K, committed 13132K, reserved 1048576K
}
Event: 1008.484 GC heap before
{Heap before GC invocations=25 (full 0):
 garbage-first heap   total 157696K, used 127952K [0x0000000080000000, 0x0000000100000000)
  region size 1024K, 43 young (44032K), 7 survivors (7168K)
 Metaspace       used 100561K, capacity 103010K, committed 103296K, reserved 1138688K
  class space    used 12548K, capacity 13449K, committed 13516K, reserved 1048576K
}
Event: 1008.500 GC heap after
{Heap after GC invocations=26 (full 0):
 garbage-first heap   total 157696K, used 94572K [0x0000000080000000, 0x0000000100000000)
  region size 1024K, 3 young (3072K), 3 survivors (3072K)
 Metaspace       used 100561K, capacity 103010K, committed 103296K, reserved 1138688K
  class space    used 12548K, capacity 13449K, committed 13516K, reserved 1048576K
}
Event: 1009.537 GC heap before
{Heap before GC invocations=26 (full 0):
 garbage-first heap   total 157696K, used 129388K [0x0000000080000000, 0x0000000100000000)
  region size 1024K, 38 young (38912K), 3 survivors (3072K)
 Metaspace       used 102838K, capacity 105467K, committed 105728K, reserved 1140736K
  class space    used 12837K, capacity 13826K, committed 13900K, reserved 1048576K
}
Event: 1009.544 GC heap after
{Heap after GC invocations=27 (full 0):
 garbage-first heap   total 157696K, used 96632K [0x0000000080000000, 0x0000000100000000)
  region size 1024K, 2 young (2048K), 2 survivors (2048K)
 Metaspace       used 102838K, capacity 105467K, committed 105728K, reserved 1140736K
  class space    used 12837K, capacity 13826K, committed 13900K, reserved 1048576K
}
Event: 1010.143 GC heap before
{Heap before GC invocations=28 (full 0):
 garbage-first heap   total 157696K, used 130424K [0x0000000080000000, 0x0000000100000000)
  region size 1024K, 36 young (36864K), 2 survivors (2048K)
 Metaspace       used 111079K, capacity 114229K, committed 114560K, reserved 1148928K
  class space    used 14209K, capacity 15447K, committed 15564K, reserved 1048576K
}
Event: 1010.149 GC heap after
{Heap after GC invocations=29 (full 0):
 garbage-first heap   total 157696K, used 97577K [0x0000000080000000, 0x0000000100000000)
  region size 1024K, 3 young (3072K), 3 survivors (3072K)
 Metaspace       used 111079K, capacity 114229K, committed 114560K, reserved 1148928K
  class space    used 14209K, capacity 15447K, committed 15564K, reserved 1048576K
}
Event: 1010.219 GC heap before
{Heap before GC invocations=29 (full 0):
 garbage-first heap   total 157696K, used 100649K [0x0000000080000000, 0x0000000100000000)
  region size 1024K, 7 young (7168K), 3 survivors (3072K)
 Metaspace       used 111280K, capacity 114542K, committed 114816K, reserved 1148928K
  class space    used 14233K, capacity 15458K, committed 15564K, reserved 1048576K
}
Event: 1010.233 GC heap after
{Heap after GC invocations=30 (full 0):
 garbage-first heap   total 157696K, used 91368K [0x0000000080000000, 0x0000000100000000)
  region size 1024K, 1 young (1024K), 1 survivors (1024K)
 Metaspace       used 111280K, capacity 114542K, committed 114816K, reserved 1148928K
  class space    used 14233K, capacity 15458K, committed 15564K, reserved 1048576K
}
Event: 1010.858 GC heap before
{Heap before GC invocations=30 (full 0):
 garbage-first heap   total 157696K, used 127208K [0x0000000080000000, 0x0000000100000000)
  region size 1024K, 37 young (37888K), 1 survivors (1024K)
 Metaspace       used 114874K, capacity 118254K, committed 118528K, reserved 1150976K
  class space    used 14837K, capacity 16114K, committed 16204K, reserved 1048576K
}
Event: 1010.862 GC heap after
{Heap after GC invocations=31 (full 0):
 garbage-first heap   total 157696K, used 91741K [0x0000000080000000, 0x0000000100000000)
  region size 1024K, 1 young (1024K), 1 survivors (1024K)
 Metaspace       used 114874K, capacity 118254K, committed 118528K, reserved 1150976K
  class space    used 14837K, capacity 16114K, committed 16204K, reserved 1048576K
}
Event: 1138.129 GC heap before
{Heap before GC invocations=32 (full 0):
 garbage-first heap   total 157696K, used 151133K [0x0000000080000000, 0x0000000100000000)
  region size 1024K, 38 young (38912K), 1 survivors (1024K)
 Metaspace       used 117231K, capacity 120440K, committed 121088K, reserved 1155072K
  class space    used 15040K, capacity 16251K, committed 16460K, reserved 1048576K
}
Event: 1138.149 GC heap after
{Heap after GC invocations=33 (full 0):
 garbage-first heap   total 157696K, used 94317K [0x0000000080000000, 0x0000000100000000)
  region size 1024K, 4 young (4096K), 4 survivors (4096K)
 Metaspace       used 117231K, capacity 120440K, committed 121088K, reserved 1155072K
  class space    used 15040K, capacity 16251K, committed 16460K, reserved 1048576K
}
Event: 1162.650 GC heap before
{Heap before GC invocations=33 (full 0):
 garbage-first heap   total 157696K, used 97389K [0x0000000080000000, 0x0000000100000000)
  region size 1024K, 7 young (7168K), 4 survivors (4096K)
 Metaspace       used 117255K, capacity 120447K, committed 121088K, reserved 1155072K
  class space    used 15041K, capacity 16252K, committed 16460K, reserved 1048576K
}
Event: 1162.661 GC heap after
{Heap after GC invocations=34 (full 0):
 garbage-first heap   total 157696K, used 87707K [0x0000000080000000, 0x0000000100000000)
  region size 1024K, 1 young (1024K), 1 survivors (1024K)
 Metaspace       used 117255K, capacity 120447K, committed 121088K, reserved 1155072K
  class space    used 15041K, capacity 16252K, committed 16460K, reserved 1048576K
}

Deoptimization events (20 events):
Event: 1162.940 Thread 0x000002cdea9f0000 Uncommon trap: trap_request=0xffffffd6 fr.pc=0x000002cdd852ed20 relative=0x0000000000000b80
Event: 1162.940 Thread 0x000002cdea9f0000 Uncommon trap: reason=array_check action=maybe_recompile pc=0x000002cdd852ed20 method=com.google.common.collect.ImmutableSet.construct(I[Ljava/lang/Object;)Lcom/google/common/collect/ImmutableSet; @ 122 c2
Event: 1162.940 Thread 0x000002cdea9f0000 DEOPT PACKING pc=0x000002cdd852ed20 sp=0x000000df1eff9d30
Event: 1162.940 Thread 0x000002cdea9f0000 DEOPT UNPACKING pc=0x000002cdd02778af sp=0x000000df1eff9cc8 mode 2
Event: 1162.942 Thread 0x000002cdea9f0000 Uncommon trap: trap_request=0xffffffd6 fr.pc=0x000002cdd852ed20 relative=0x0000000000000b80
Event: 1162.942 Thread 0x000002cdea9f0000 Uncommon trap: reason=array_check action=maybe_recompile pc=0x000002cdd852ed20 method=com.google.common.collect.ImmutableSet.construct(I[Ljava/lang/Object;)Lcom/google/common/collect/ImmutableSet; @ 122 c2
Event: 1162.942 Thread 0x000002cdea9f0000 DEOPT PACKING pc=0x000002cdd852ed20 sp=0x000000df1eff9ed0
Event: 1162.942 Thread 0x000002cdea9f0000 DEOPT UNPACKING pc=0x000002cdd02778af sp=0x000000df1eff9e68 mode 2
Event: 1162.942 Thread 0x000002cdea9f0000 Uncommon trap: trap_request=0xffffffd6 fr.pc=0x000002cdd852ed20 relative=0x0000000000000b80
Event: 1162.942 Thread 0x000002cdea9f0000 Uncommon trap: reason=array_check action=maybe_recompile pc=0x000002cdd852ed20 method=com.google.common.collect.ImmutableSet.construct(I[Ljava/lang/Object;)Lcom/google/common/collect/ImmutableSet; @ 122 c2
Event: 1162.942 Thread 0x000002cdea9f0000 DEOPT PACKING pc=0x000002cdd852ed20 sp=0x000000df1eff9ed0
Event: 1162.942 Thread 0x000002cdea9f0000 DEOPT UNPACKING pc=0x000002cdd02778af sp=0x000000df1eff9e68 mode 2
Event: 1162.995 Thread 0x000002cdea9f0000 Uncommon trap: trap_request=0xffffffd6 fr.pc=0x000002cdd852ed20 relative=0x0000000000000b80
Event: 1162.995 Thread 0x000002cdea9f0000 Uncommon trap: reason=array_check action=maybe_recompile pc=0x000002cdd852ed20 method=com.google.common.collect.ImmutableSet.construct(I[Ljava/lang/Object;)Lcom/google/common/collect/ImmutableSet; @ 122 c2
Event: 1162.995 Thread 0x000002cdea9f0000 DEOPT PACKING pc=0x000002cdd852ed20 sp=0x000000df1eff6690
Event: 1162.995 Thread 0x000002cdea9f0000 DEOPT UNPACKING pc=0x000002cdd02778af sp=0x000000df1eff6628 mode 2
Event: 1163.028 Thread 0x000002cdea9f0000 Uncommon trap: trap_request=0xffffff5c fr.pc=0x000002cdd88071a0 relative=0x00000000000009e0
Event: 1163.028 Thread 0x000002cdea9f0000 Uncommon trap: reason=speculate_null_assert action=make_not_entrant pc=0x000002cdd88071a0 method=org.gradle.api.internal.file.collections.UnpackingVisitor.add(Ljava/lang/Object;)V @ 346 c2
Event: 1163.028 Thread 0x000002cdea9f0000 DEOPT PACKING pc=0x000002cdd88071a0 sp=0x000000df1effb0e0
Event: 1163.028 Thread 0x000002cdea9f0000 DEOPT UNPACKING pc=0x000002cdd02778af sp=0x000000df1effb078 mode 2

Classes redefined (0 events):
No events

Internal exceptions (20 events):
Event: 1010.122 Thread 0x000002cde907e800 Exception <a 'sun/nio/fs/WindowsException'{0x00000000879b3590}> (0x00000000879b3590) thrown at [./src/hotspot/share/prims/jni.cpp, line 615]
Event: 1010.122 Thread 0x000002cde9083800 Exception <a 'sun/nio/fs/WindowsException'{0x00000000879a3408}> (0x00000000879a3408) thrown at [./src/hotspot/share/prims/jni.cpp, line 615]
Event: 1010.126 Thread 0x000002cde9083800 Exception <a 'sun/nio/fs/WindowsException'{0x00000000879cb450}> (0x00000000879cb450) thrown at [./src/hotspot/share/prims/jni.cpp, line 615]
Event: 1010.129 Thread 0x000002cde907e800 Exception <a 'sun/nio/fs/WindowsException'{0x00000000879dcd70}> (0x00000000879dcd70) thrown at [./src/hotspot/share/prims/jni.cpp, line 615]
Event: 1010.171 Thread 0x000002cdea9f0000 Exception <a 'java/lang/NoSuchMethodError'{0x000000008985aff0}: <clinit>> (0x000000008985aff0) thrown at [./src/hotspot/share/prims/jni.cpp, line 1362]
Event: 1010.316 Thread 0x000002cde9379000 Exception <a 'sun/nio/fs/WindowsException'{0x0000000089883330}> (0x0000000089883330) thrown at [./src/hotspot/share/prims/jni.cpp, line 615]
Event: 1010.471 Thread 0x000002cde9379000 Exception <a 'java/lang/IncompatibleClassChangeError'{0x00000000891d67f0}: Found class java.lang.Object, but interface was expected> (0x00000000891d67f0) thrown at [./src/hotspot/share/interpreter/linkResolver.cpp, line 839]
Event: 1010.554 Thread 0x000002cde9379000 Exception <a 'sun/nio/fs/WindowsException'{0x0000000088ee6720}> (0x0000000088ee6720) thrown at [./src/hotspot/share/prims/jni.cpp, line 615]
Event: 1011.155 Thread 0x000002cdea9f0000 Exception <a 'java/lang/NoSuchMethodError'{0x00000000882075d8}: <clinit>> (0x00000000882075d8) thrown at [./src/hotspot/share/prims/jni.cpp, line 1362]
Event: 1011.156 Thread 0x000002cdea9f0000 Exception <a 'java/lang/NoSuchMethodError'{0x00000000882208e0}: <clinit>> (0x00000000882208e0) thrown at [./src/hotspot/share/prims/jni.cpp, line 1362]
Event: 1011.406 Thread 0x000002cde9083800 Exception <a 'java/lang/NoSuchMethodError'{0x00000000879bd690}: 'java.lang.Object java.lang.invoke.DirectMethodHandle$Holder.invokeVirtual(java.lang.Object, java.lang.Object, int)'> (0x00000000879bd690) thrown at [./src/hotspot/share/interpreter/linkResolver.cpp, line 773]
Event: 1011.408 Thread 0x000002cde9083800 Implicit null exception at 0x000002cdd848f76d to 0x000002cdd848f798
Event: 1011.408 Thread 0x000002cde9083800 Implicit null exception at 0x000002cdd7f78e6b to 0x000002cdd7f78e8c
Event: 1162.893 Thread 0x000002cdea9f0000 Exception <a 'sun/nio/fs/WindowsException'{0x0000000088a093a8}> (0x0000000088a093a8) thrown at [./src/hotspot/share/prims/jni.cpp, line 615]
Event: 1162.929 Thread 0x000002cdea9f0000 Exception <a 'java/lang/NoClassDefFoundError'{0x00000000888b4a30}: org/jetbrains/kotlin/gradle/plugin/KotlinBasePluginWrapper> (0x00000000888b4a30) thrown at [./src/hotspot/share/oops/constantPool.cpp, line 775]
Event: 1162.946 Thread 0x000002cdea9f0000 Exception <a 'sun/nio/fs/WindowsException'{0x00000000887c0578}> (0x00000000887c0578) thrown at [./src/hotspot/share/prims/jni.cpp, line 615]
Event: 1162.969 Thread 0x000002cdea9f0000 Exception <a 'sun/nio/fs/WindowsException'{0x0000000088662918}> (0x0000000088662918) thrown at [./src/hotspot/share/prims/jni.cpp, line 615]
Event: 1162.970 Thread 0x000002cdea9f0000 Exception <a 'sun/nio/fs/WindowsException'{0x00000000886639e8}> (0x00000000886639e8) thrown at [./src/hotspot/share/prims/jni.cpp, line 615]
Event: 1162.970 Thread 0x000002cdea9f0000 Exception <a 'sun/nio/fs/WindowsException'{0x0000000088664b08}> (0x0000000088664b08) thrown at [./src/hotspot/share/prims/jni.cpp, line 615]
Event: 1162.970 Thread 0x000002cdea9f0000 Exception <a 'sun/nio/fs/WindowsException'{0x0000000088665c28}> (0x0000000088665c28) thrown at [./src/hotspot/share/prims/jni.cpp, line 615]

Events (20 events):
Event: 1163.123 Executing VM operation: RevokeBias
Event: 1163.123 Executing VM operation: RevokeBias done
Event: 1163.144 Executing VM operation: RevokeBias
Event: 1163.144 Executing VM operation: RevokeBias done
Event: 1163.151 Executing VM operation: RevokeBias
Event: 1163.151 Executing VM operation: RevokeBias done
Event: 1163.160 Executing VM operation: RevokeBias
Event: 1163.160 Executing VM operation: RevokeBias done
Event: 1163.160 Executing VM operation: RevokeBias
Event: 1163.160 Executing VM operation: RevokeBias done
Event: 1163.163 Executing VM operation: RevokeBias
Event: 1163.164 Executing VM operation: RevokeBias done
Event: 1163.164 Executing VM operation: RevokeBias
Event: 1163.164 Executing VM operation: RevokeBias done
Event: 1163.196 Executing VM operation: RevokeBias
Event: 1163.196 Executing VM operation: RevokeBias done
Event: 1163.206 Executing VM operation: RevokeBias
Event: 1163.206 Executing VM operation: RevokeBias done
Event: 1163.232 Executing VM operation: RevokeBias
Event: 1163.232 Executing VM operation: RevokeBias done


Dynamic libraries:
0x00007ff67dae0000 - 0x00007ff67daea000 	C:\Program Files\Android\Android Studio1\jre\bin\java.exe
0x00007ffe5f3b0000 - 0x00007ffe5f5a5000 	C:\Windows\SYSTEM32\ntdll.dll
0x00007ffe5f010000 - 0x00007ffe5f0ce000 	C:\Windows\System32\KERNEL32.DLL
0x00007ffe5d0d0000 - 0x00007ffe5d398000 	C:\Windows\System32\KERNELBASE.dll
0x00007ffe5cfa0000 - 0x00007ffe5d0a0000 	C:\Windows\System32\ucrtbase.dll
0x00007ffe505f0000 - 0x00007ffe50607000 	C:\Program Files\Android\Android Studio1\jre\bin\VCRUNTIME140.dll
0x00007ffe505d0000 - 0x00007ffe505e9000 	C:\Program Files\Android\Android Studio1\jre\bin\jli.dll
0x00007ffe5d880000 - 0x00007ffe5da21000 	C:\Windows\System32\USER32.dll
0x00007ffe5d0a0000 - 0x00007ffe5d0c2000 	C:\Windows\System32\win32u.dll
0x00007ffe46d70000 - 0x00007ffe4700a000 	C:\Windows\WinSxS\amd64_microsoft.windows.common-controls_6595b64144ccf1df_6.0.19041.1110_none_60b5254171f9507e\COMCTL32.dll
0x00007ffe5ee50000 - 0x00007ffe5ee7b000 	C:\Windows\System32\GDI32.dll
0x00007ffe5ef70000 - 0x00007ffe5f00e000 	C:\Windows\System32\msvcrt.dll
0x00007ffe5cdd0000 - 0x00007ffe5cedb000 	C:\Windows\System32\gdi32full.dll
0x00007ffe5cd30000 - 0x00007ffe5cdcd000 	C:\Windows\System32\msvcp_win.dll
0x00007ffe5db60000 - 0x00007ffe5db90000 	C:\Windows\System32\IMM32.DLL
0x00007ffe3e0e0000 - 0x00007ffe3e17d000 	C:\Program Files\Android\Android Studio1\jre\bin\msvcp140.dll
0x00007ffe0f310000 - 0x00007ffe0fddf000 	C:\Program Files\Android\Android Studio1\jre\bin\server\jvm.dll
0x00007ffe5db90000 - 0x00007ffe5dc3c000 	C:\Windows\System32\ADVAPI32.dll
0x00007ffe5e3f0000 - 0x00007ffe5e48b000 	C:\Windows\System32\sechost.dll
0x00007ffe5dcd0000 - 0x00007ffe5ddfa000 	C:\Windows\System32\RPCRT4.dll
0x00007ffe5f1e0000 - 0x00007ffe5f1e8000 	C:\Windows\System32\PSAPI.DLL
0x00007ffe48640000 - 0x00007ffe48649000 	C:\Windows\SYSTEM32\WSOCK32.dll
0x00007ffe5dc40000 - 0x00007ffe5dcab000 	C:\Windows\System32\WS2_32.dll
0x00007ffe52910000 - 0x00007ffe52937000 	C:\Windows\SYSTEM32\WINMM.dll
0x00007ffe54a30000 - 0x00007ffe54a3a000 	C:\Windows\SYSTEM32\VERSION.dll
0x00007ffe5a9f0000 - 0x00007ffe5aa02000 	C:\Windows\SYSTEM32\kernel.appcore.dll
0x00007ffe4c3c0000 - 0x00007ffe4c3d1000 	C:\Program Files\Android\Android Studio1\jre\bin\verify.dll
0x00007ffe54120000 - 0x00007ffe54304000 	C:\Windows\SYSTEM32\DBGHELP.DLL
0x00007ffe49e20000 - 0x00007ffe49e4c000 	C:\Windows\SYSTEM32\dbgcore.DLL
0x00007ffe5cf10000 - 0x00007ffe5cf93000 	C:\Windows\System32\bcryptPrimitives.dll
0x00007ffe4abb0000 - 0x00007ffe4abd9000 	C:\Program Files\Android\Android Studio1\jre\bin\java.dll
0x00007ffe57d60000 - 0x00007ffe57d6b000 	C:\Program Files\Android\Android Studio1\jre\bin\jimage.dll
0x00007ffe4c0e0000 - 0x00007ffe4c0f8000 	C:\Program Files\Android\Android Studio1\jre\bin\zip.dll
0x00007ffe5e490000 - 0x00007ffe5ebcf000 	C:\Windows\System32\SHELL32.dll
0x00007ffe5abf0000 - 0x00007ffe5b380000 	C:\Windows\SYSTEM32\windows.storage.dll
0x00007ffe5e090000 - 0x00007ffe5e3e5000 	C:\Windows\System32\combase.dll
0x00007ffe5c4b0000 - 0x00007ffe5c4de000 	C:\Windows\SYSTEM32\Wldp.dll
0x00007ffe5f130000 - 0x00007ffe5f1dd000 	C:\Windows\System32\SHCORE.dll
0x00007ffe5f1f0000 - 0x00007ffe5f245000 	C:\Windows\System32\shlwapi.dll
0x00007ffe5ca10000 - 0x00007ffe5ca2f000 	C:\Windows\SYSTEM32\profapi.dll
0x00007ffe4b120000 - 0x00007ffe4b13a000 	C:\Program Files\Android\Android Studio1\jre\bin\net.dll
0x00007ffe53b20000 - 0x00007ffe53c2c000 	C:\Windows\SYSTEM32\WINHTTP.dll
0x00007ffe5c1b0000 - 0x00007ffe5c21a000 	C:\Windows\system32\mswsock.dll
0x00007ffe4ab70000 - 0x00007ffe4ab84000 	C:\Program Files\Android\Android Studio1\jre\bin\nio.dll
0x00007ffe4f530000 - 0x00007ffe4f557000 	C:\Users\Omar\.gradle\native\8bec1ad78214c89d9ad589b4d07fe93259594b29d510b10fafb7a158f7737e5d\windows-amd64\native-platform.dll
0x00007ffe3b770000 - 0x00007ffe3b8ad000 	C:\Users\Omar\.gradle\native\53dbd7edfb1c66fb8903c78663c9afc45aea4f116125fa6feffd364cf09443e8\windows-amd64\native-platform-file-events.dll
0x00007ffe57bd0000 - 0x00007ffe57bda000 	C:\Program Files\Android\Android Studio1\jre\bin\management.dll
0x00007ffe579b0000 - 0x00007ffe579bc000 	C:\Program Files\Android\Android Studio1\jre\bin\management_ext.dll
0x00007ffe5c410000 - 0x00007ffe5c428000 	C:\Windows\SYSTEM32\CRYPTSP.dll
0x00007ffe5bb30000 - 0x00007ffe5bb64000 	C:\Windows\system32\rsaenh.dll
0x00007ffe5cee0000 - 0x00007ffe5cf07000 	C:\Windows\System32\bcrypt.dll
0x00007ffe5c9d0000 - 0x00007ffe5c9fe000 	C:\Windows\SYSTEM32\USERENV.dll
0x00007ffe5c400000 - 0x00007ffe5c40c000 	C:\Windows\SYSTEM32\CRYPTBASE.dll
0x00007ffe5bea0000 - 0x00007ffe5bedb000 	C:\Windows\SYSTEM32\IPHLPAPI.DLL
0x00007ffe5ec80000 - 0x00007ffe5ec88000 	C:\Windows\System32\NSI.dll
0x00007ffe56090000 - 0x00007ffe560a7000 	C:\Windows\SYSTEM32\dhcpcsvc6.DLL
0x00007ffe56e10000 - 0x00007ffe56e2d000 	C:\Windows\SYSTEM32\dhcpcsvc.DLL
0x00007ffe5bee0000 - 0x00007ffe5bfab000 	C:\Windows\SYSTEM32\DNSAPI.dll
0x0000000066e00000 - 0x0000000066f03000 	C:\Users\Omar\AppData\Local\Temp\sqlite-3.25.2-38e01bc7-8174-4ad5-b374-24dd6a3b2c2b-sqlitejdbc.dll

dbghelp: loaded successfully - version: 4.0.5 - missing functions: none
symbol engine: initialized successfully - sym options: 0x614 - pdb path: .;C:\Program Files\Android\Android Studio1\jre\bin;C:\Windows\SYSTEM32;C:\Windows\WinSxS\amd64_microsoft.windows.common-controls_6595b64144ccf1df_6.0.19041.1110_none_60b5254171f9507e;C:\Program Files\Android\Android Studio1\jre\bin\server;C:\Users\Omar\.gradle\native\8bec1ad78214c89d9ad589b4d07fe93259594b29d510b10fafb7a158f7737e5d\windows-amd64;C:\Users\Omar\.gradle\native\53dbd7edfb1c66fb8903c78663c9afc45aea4f116125fa6feffd364cf09443e8\windows-amd64;C:\Users\Omar\AppData\Local\Temp

VM Arguments:
jvm_args: --add-opens=java.base/java.util=ALL-UNNAMED --add-opens=java.base/java.lang=ALL-UNNAMED --add-opens=java.base/java.lang.invoke=ALL-UNNAMED --add-opens=java.base/java.util=ALL-UNNAMED --add-opens=java.prefs/java.util.prefs=ALL-UNNAMED --add-opens=java.prefs/java.util.prefs=ALL-UNNAMED --add-opens=java.base/java.nio.charset=ALL-UNNAMED --add-opens=java.base/java.net=ALL-UNNAMED --add-opens=java.base/java.util.concurrent.atomic=ALL-UNNAMED -Xmx2048m -Dfile.encoding=UTF-8 -Duser.country=US -Duser.language=en -Duser.variant 
java_command: org.gradle.launcher.daemon.bootstrap.GradleDaemon 7.0.2
java_class_path (initial): C:\Users\Omar\.gradle\wrapper\dists\gradle-7.0.2-bin\857tjihv64xamwrf0h14cai3r\gradle-7.0.2\lib\gradle-launcher-7.0.2.jar
Launcher Type: SUN_STANDARD

[Global flags]
     intx CICompilerCount                          = 3                                         {product} {ergonomic}
     uint ConcGCThreads                            = 1                                         {product} {ergonomic}
     uint G1ConcRefinementThreads                  = 4                                         {product} {ergonomic}
   size_t G1HeapRegionSize                         = 1048576                                   {product} {ergonomic}
    uintx GCDrainStackTargetSize                   = 64                                        {product} {ergonomic}
   size_t InitialHeapSize                          = 134217728                                 {product} {ergonomic}
   size_t MarkStackSize                            = 4194304                                   {product} {ergonomic}
   size_t MaxHeapSize                              = 2147483648                                {product} {command line}
   size_t MaxNewSize                               = 1287651328                                {product} {ergonomic}
   size_t MinHeapDeltaBytes                        = 1048576                                   {product} {ergonomic}
    uintx NonNMethodCodeHeapSize                   = 5830732                                {pd product} {ergonomic}
    uintx NonProfiledCodeHeapSize                  = 122913754                              {pd product} {ergonomic}
    uintx ProfiledCodeHeapSize                     = 122913754                              {pd product} {ergonomic}
    uintx ReservedCodeCacheSize                    = 251658240                              {pd product} {ergonomic}
     bool SegmentedCodeCache                       = true                                      {product} {ergonomic}
     bool UseCompressedClassPointers               = true                                 {lp64_product} {ergonomic}
     bool UseCompressedOops                        = true                                 {lp64_product} {ergonomic}
     bool UseG1GC                                  = true                                      {product} {ergonomic}
     bool UseLargePagesIndividualAllocation        = false                                  {pd product} {ergonomic}

Logging:
Log output configuration:
 #0: stdout all=warning uptime,level,tags
 #1: stderr all=off uptime,level,tags

Environment Variables:
PATH=C:\Python39\Scripts\;C:\Python39\;C:\Program Files (x86)\Common Files\Oracle\Java\javapath;C:\Windows\system32;C:\Windows;C:\Windows\System32\Wbem;C:\Windows\System32\WindowsPowerShell\v1.0\;C:\Windows\System32\OpenSSH\;C:\Program Files (x86)\Microsoft SQL Server\150\DTS\Binn\;C:\Program Files\dotnet\;C:\Program Files\Microsoft SQL Server\130\Tools\Binn\;C:\Program Files\Microsoft SQL Server\Client SDK\ODBC\170\Tools\Binn\;C:\Program Files\nodejs\;C:\ProgramData\chocolatey\bin;G:\Program Files\Git\cmd;C:\Users\Omar\AppData\Local\Microsoft\WindowsApps;C:\Users\Omar\.dotnet\tools;C:\Users\Omar\AppData\Roaming\npm;C:\Users\Omar\AppData\Local\Programs\Microsoft VS Code\bin;C:\Program Files\heroku\bin;C:\Users\Omar\AppData\Local\atom\bin;C:\Users\Omar\AppData\Local\GitHubDesktop\bin
USERNAME=Omar
OS=Windows_NT
PROCESSOR_IDENTIFIER=Intel64 Family 6 Model 60 Stepping 3, GenuineIntel



---------------  S Y S T E M  ---------------

OS: Windows 10 , 64 bit Build 19041 (10.0.19041.1348)
OS uptime: 4 days 7:40 hours

CPU:total 4 (initial active 4) (4 cores per cpu, 1 threads per core) family 6 model 60 stepping 3 microcode 0x27, cmov, cx8, fxsr, mmx, sse, sse2, sse3, ssse3, sse4.1, sse4.2, popcnt, avx, avx2, aes, clmul, erms, lzcnt, tsc, tscinvbit, bmi1, bmi2, fma

Memory: 4k page, system-wide physical 8110M (487M free)
TotalPageFile size 32686M (AvailPageFile size 6M)
current process WorkingSet (physical memory assigned to process): 418M, peak: 425M
current process commit charge ("private bytes"): 493M, peak: 499M

vm_info: OpenJDK 64-Bit Server VM (11.0.10+0-b96-7249189) for windows-amd64 JRE (11.0.10+0-b96-7249189), built on Mar 31 2021 21:44:00 by "builder" with MS VC++ 14.0 (VS2015)

END.
