#
# There is insufficient memory for the Java Runtime Environment to continue.
# Native memory allocation (malloc) failed to allocate 131088 bytes for Chunk::new
# Possible reasons:
#   The system is out of physical RAM or swap space
#   The process is running with CompressedOops enabled, and the Java Heap may be blocking the growth of the native heap
# Possible solutions:
#   Reduce memory load on the system
#   Increase physical memory or swap space
#   Check if swap backing store is full
#   Decrease Java heap size (-Xmx/-Xms)
#   Decrease number of Java threads
#   Decrease Java thread stack sizes (-Xss)
#   Set larger code cache with -XX:ReservedCodeCacheSize=
#   JVM is running with Unscaled Compressed Oops mode in which the Java heap is
#     placed in the first 4GB address space. The Java Heap base address is the
#     maximum limit for the native heap growth. Please use -XX:HeapBaseMinAddress
#     to set the Java Heap base and to place the Java Heap above 4GB virtual address.
# This output file may be truncated or incomplete.
#
#  Out of Memory Error (./src/hotspot/share/memory/arena.cpp:197), pid=18748, tid=21520
#
# JRE version: OpenJDK Runtime Environment (11.0.10) (build 11.0.10+0-b96-7249189)
# Java VM: OpenJDK 64-Bit Server VM (11.0.10+0-b96-7249189, mixed mode, tiered, compressed oops, g1 gc, windows-amd64)
# No core dump will be written. Minidumps are not enabled by default on client versions of Windows
#

---------------  S U M M A R Y ------------

Command Line: --add-opens=java.base/java.util=ALL-UNNAMED --add-opens=java.base/java.lang=ALL-UNNAMED --add-opens=java.base/java.lang.invoke=ALL-UNNAMED --add-opens=java.base/java.util=ALL-UNNAMED --add-opens=java.prefs/java.util.prefs=ALL-UNNAMED --add-opens=java.prefs/java.util.prefs=ALL-UNNAMED --add-opens=java.base/java.nio.charset=ALL-UNNAMED --add-opens=java.base/java.net=ALL-UNNAMED --add-opens=java.base/java.util.concurrent.atomic=ALL-UNNAMED -Xmx2048m -Dfile.encoding=UTF-8 -Duser.country=US -Duser.language=en -Duser.variant org.gradle.launcher.daemon.bootstrap.GradleDaemon 7.0.2

Host: Intel(R) Core(TM) i5-4590 CPU @ 3.30GHz, 4 cores, 7G,  Windows 10 , 64 bit Build 19041 (10.0.19041.1348)
Time: Mon Dec 13 17:02:26 2021 Pacific Standard Time elapsed time: 11.216881 seconds (0d 0h 0m 11s)

---------------  T H R E A D  ---------------

Current thread (0x00000296af8f6800):  JavaThread "C2 CompilerThread0" daemon [_thread_in_native, id=21520, stack(0x000000e741100000,0x000000e741200000)]


Current CompileTask:
C2:  11216 7387       4       java.lang.String::split (324 bytes)

Stack: [0x000000e741100000,0x000000e741200000]
Native frames: (J=compiled Java code, j=interpreted, Vv=VM code, C=native code)
V  [jvm.dll+0x5ecfaa]
V  [jvm.dll+0x722bd5]
V  [jvm.dll+0x72412d]
V  [jvm.dll+0x7247e3]
V  [jvm.dll+0x242928]
V  [jvm.dll+0xbc4fc]
V  [jvm.dll+0xbca0c]
V  [jvm.dll+0xbc608]
V  [jvm.dll+0x5cc470]
V  [jvm.dll+0x50f80a]
V  [jvm.dll+0x4fc045]
V  [jvm.dll+0x4fa973]
V  [jvm.dll+0x4fec8c]
V  [jvm.dll+0x4feafb]
V  [jvm.dll+0x4fea76]
V  [jvm.dll+0x5065f8]
V  [jvm.dll+0x203253]
V  [jvm.dll+0x1fd07c]
V  [jvm.dll+0x1fa77f]
V  [jvm.dll+0x18354c]
V  [jvm.dll+0x208ee7]
V  [jvm.dll+0x207731]
V  [jvm.dll+0x6eb1cf]
V  [jvm.dll+0x6e3d45]
V  [jvm.dll+0x5ebe96]
C  [ucrtbase.dll+0x21bb2]
C  [KERNEL32.DLL+0x17034]
C  [ntdll.dll+0x52651]


---------------  P R O C E S S  ---------------

Threads class SMR info:
_java_thread_list=0x00000296b2a279f0, length=48, elements={
0x0000029693d6c800, 0x00000296af8cd000, 0x00000296af8d1000, 0x00000296af8ea000,
0x00000296af8ec000, 0x00000296af8ed800, 0x00000296af8f6800, 0x00000296af8f8000,
0x00000296af8fb800, 0x00000296b039c800, 0x00000296b1de9800, 0x00000296b20c4800,
0x00000296b111c800, 0x00000296b20e1800, 0x00000296b20e2800, 0x00000296b1184000,
0x00000296b247d800, 0x00000296b1293800, 0x00000296b1294800, 0x00000296b24b9000,
0x00000296b24b8000, 0x00000296b24bc000, 0x00000296b24b9800, 0x00000296b2fb7800,
0x00000296b24ba800, 0x00000296b24bb800, 0x00000296b24bd000, 0x00000296b24be000,
0x00000296b24be800, 0x00000296b4301000, 0x00000296b4303800, 0x00000296b42fe000,
0x00000296b4300800, 0x00000296b4302000, 0x00000296b4305000, 0x00000296b42ff800,
0x00000296b4303000, 0x00000296b430b000, 0x00000296b4306000, 0x00000296b4309800,
0x00000296b430b800, 0x00000296b430a000, 0x00000296b4308800, 0x00000296b4307000,
0x00000296b4307800, 0x00000296b2bbf000, 0x00000296b2bbc800, 0x00000296b2bbb800
}

Java Threads: ( => current thread )
  0x0000029693d6c800 JavaThread "main" [_thread_blocked, id=10132, stack(0x000000e740500000,0x000000e740600000)]
  0x00000296af8cd000 JavaThread "Reference Handler" daemon [_thread_blocked, id=10324, stack(0x000000e740c00000,0x000000e740d00000)]
  0x00000296af8d1000 JavaThread "Finalizer" daemon [_thread_blocked, id=11772, stack(0x000000e740d00000,0x000000e740e00000)]
  0x00000296af8ea000 JavaThread "Signal Dispatcher" daemon [_thread_blocked, id=11900, stack(0x000000e740e00000,0x000000e740f00000)]
  0x00000296af8ec000 JavaThread "Attach Listener" daemon [_thread_blocked, id=13800, stack(0x000000e740f00000,0x000000e741000000)]
  0x00000296af8ed800 JavaThread "Service Thread" daemon [_thread_blocked, id=10400, stack(0x000000e741000000,0x000000e741100000)]
=>0x00000296af8f6800 JavaThread "C2 CompilerThread0" daemon [_thread_in_native, id=21520, stack(0x000000e741100000,0x000000e741200000)]
  0x00000296af8f8000 JavaThread "C1 CompilerThread0" daemon [_thread_blocked, id=5948, stack(0x000000e741200000,0x000000e741300000)]
  0x00000296af8fb800 JavaThread "Sweeper thread" daemon [_thread_blocked, id=14452, stack(0x000000e741300000,0x000000e741400000)]
  0x00000296b039c800 JavaThread "Common-Cleaner" daemon [_thread_blocked, id=12332, stack(0x000000e741400000,0x000000e741500000)]
  0x00000296b1de9800 JavaThread "Daemon health stats" [_thread_blocked, id=16520, stack(0x000000e741900000,0x000000e741a00000)]
  0x00000296b20c4800 JavaThread "Incoming local TCP Connector on port 63383" [_thread_in_native, id=15364, stack(0x000000e741600000,0x000000e741700000)]
  0x00000296b111c800 JavaThread "Daemon periodic checks" [_thread_blocked, id=15636, stack(0x000000e741a00000,0x000000e741b00000)]
  0x00000296b20e1800 JavaThread "Daemon" [_thread_blocked, id=5680, stack(0x000000e741b00000,0x000000e741c00000)]
  0x00000296b20e2800 JavaThread "Handler for socket connection from /127.0.0.1:63383 to /127.0.0.1:63384" [_thread_in_native, id=19792, stack(0x000000e741c00000,0x000000e741d00000)]
  0x00000296b1184000 JavaThread "Cancel handler" [_thread_blocked, id=10852, stack(0x000000e741d00000,0x000000e741e00000)]
  0x00000296b247d800 JavaThread "Daemon worker" [_thread_blocked, id=11608, stack(0x000000e741e00000,0x000000e741f00000)]
  0x00000296b1293800 JavaThread "Asynchronous log dispatcher for DefaultDaemonConnection: socket connection from /127.0.0.1:63383 to /127.0.0.1:63384" [_thread_blocked, id=1820, stack(0x000000e741f00000,0x000000e742000000)]
  0x00000296b1294800 JavaThread "Stdin handler" [_thread_blocked, id=5848, stack(0x000000e742000000,0x000000e742100000)]
  0x00000296b24b9000 JavaThread "Daemon client event forwarder" [_thread_in_vm, id=8520, stack(0x000000e742100000,0x000000e742200000)]
  0x00000296b24b8000 JavaThread "Cache worker for file hash cache (C:\Users\Omar\.gradle\caches\7.0.2\fileHashes)" [_thread_blocked, id=9964, stack(0x000000e742200000,0x000000e742300000)]
  0x00000296b24bc000 JavaThread "File lock request listener" [_thread_in_native, id=12400, stack(0x000000e742300000,0x000000e742400000)]
  0x00000296b24b9800 JavaThread "Cache worker for journal cache (C:\Users\Omar\.gradle\caches\journal-1)" [_thread_blocked, id=3116, stack(0x000000e742500000,0x000000e742600000)]
  0x00000296b2fb7800 JavaThread "C2 CompilerThread1" daemon [_thread_in_native, id=8716, stack(0x000000e742600000,0x000000e742700000)]
  0x00000296b24ba800 JavaThread "Cache worker for file hash cache (C:\Users\Omar\Documents\GitHub\WorkoutApp\.gradle\7.0.2\fileHashes)" [_thread_blocked, id=17136, stack(0x000000e742700000,0x000000e742800000)]
  0x00000296b24bb800 JavaThread "File watcher server" daemon [_thread_in_native, id=20740, stack(0x000000e742800000,0x000000e742900000)]
  0x00000296b24bd000 JavaThread "File watcher consumer" daemon [_thread_blocked, id=19844, stack(0x000000e742900000,0x000000e742a00000)]
  0x00000296b24be000 JavaThread "Cache worker for checksums cache (C:\Users\Omar\Documents\GitHub\WorkoutApp\.gradle\checksums)" [_thread_blocked, id=8712, stack(0x000000e742a00000,0x000000e742b00000)]
  0x00000296b24be800 JavaThread "Cache worker for cache directory md-supplier (C:\Users\Omar\.gradle\caches\7.0.2\md-supplier)" [_thread_blocked, id=10816, stack(0x000000e742b00000,0x000000e742c00000)]
  0x00000296b4301000 JavaThread "Cache worker for cache directory md-rule (C:\Users\Omar\.gradle\caches\7.0.2\md-rule)" [_thread_blocked, id=12276, stack(0x000000e742c00000,0x000000e742d00000)]
  0x00000296b4303800 JavaThread "Cache worker for execution history cache (C:\Users\Omar\.gradle\caches\7.0.2\executionHistory)" [_thread_blocked, id=21288, stack(0x000000e742d00000,0x000000e742e00000)]
  0x00000296b42fe000 JavaThread "jar transforms" [_thread_blocked, id=15760, stack(0x000000e742e00000,0x000000e742f00000)]
  0x00000296b4300800 JavaThread "jar transforms Thread 2" [_thread_blocked, id=7212, stack(0x000000e742f00000,0x000000e743000000)]
  0x00000296b4302000 JavaThread "Cache worker for file content cache (C:\Users\Omar\.gradle\caches\7.0.2\fileContent)" [_thread_blocked, id=18180, stack(0x000000e743000000,0x000000e743100000)]
  0x00000296b4305000 JavaThread "Cache worker for dependencies-accessors (C:\Users\Omar\Documents\GitHub\WorkoutApp\.gradle\7.0.2\dependencies-accessors)" [_thread_blocked, id=18880, stack(0x000000e743100000,0x000000e743200000)]
  0x00000296b42ff800 JavaThread "jar transforms Thread 3" [_thread_blocked, id=18572, stack(0x000000e743200000,0x000000e743300000)]
  0x00000296b4303000 JavaThread "Cache worker for Build Output Cleanup Cache (C:\Users\Omar\Documents\GitHub\WorkoutApp\.gradle\buildOutputCleanup)" [_thread_blocked, id=16800, stack(0x000000e743300000,0x000000e743400000)]
  0x00000296b430b000 JavaThread "Build operations" [_thread_blocked, id=14820, stack(0x000000e743400000,0x000000e743500000)]
  0x00000296b4306000 JavaThread "Build operations Thread 2" [_thread_blocked, id=13496, stack(0x000000e743500000,0x000000e743600000)]
  0x00000296b4309800 JavaThread "Build operations Thread 3" [_thread_blocked, id=7664, stack(0x000000e743600000,0x000000e743700000)]
  0x00000296b430b800 JavaThread "Build operations Thread 4" [_thread_blocked, id=8896, stack(0x000000e743700000,0x000000e743800000)]
  0x00000296b430a000 JavaThread "jar transforms Thread 4" [_thread_blocked, id=14088, stack(0x000000e743800000,0x000000e743900000)]
  0x00000296b4308800 JavaThread "Memory manager" [_thread_blocked, id=14676, stack(0x000000e743900000,0x000000e743a00000)]
  0x00000296b4307000 JavaThread "build event listener" [_thread_blocked, id=13184, stack(0x000000e743a00000,0x000000e743b00000)]
  0x00000296b4307800 JavaThread "Execution worker for ':'" [_thread_blocked, id=6928, stack(0x000000e743b00000,0x000000e743c00000)]
  0x00000296b2bbf000 JavaThread "Execution worker for ':' Thread 2" [_thread_blocked, id=9040, stack(0x000000e743c00000,0x000000e743d00000)]
  0x00000296b2bbc800 JavaThread "Execution worker for ':' Thread 3" [_thread_blocked, id=11040, stack(0x000000e743d00000,0x000000e743e00000)]
  0x00000296b2bbb800 JavaThread "Cache worker for execution history cache (C:\Users\Omar\Documents\GitHub\WorkoutApp\.gradle\7.0.2\executionHistory)" [_thread_blocked, id=4212, stack(0x000000e743e00000,0x000000e743f00000)]

Other Threads:
  0x00000296af8c8800 VMThread "VM Thread" [stack: 0x000000e740b00000,0x000000e740c00000] [id=19096]
  0x00000296b03ad800 WatcherThread [stack: 0x000000e741500000,0x000000e741600000] [id=16544]
  0x0000029693d86000 GCTaskThread "GC Thread#0" [stack: 0x000000e740600000,0x000000e740700000] [id=12672]
  0x00000296b0f38800 GCTaskThread "GC Thread#1" [stack: 0x000000e741700000,0x000000e741800000] [id=1392]
  0x00000296b08e6000 GCTaskThread "GC Thread#2" [stack: 0x000000e741800000,0x000000e741900000] [id=4436]
  0x00000296b23c6000 GCTaskThread "GC Thread#3" [stack: 0x000000e742400000,0x000000e742500000] [id=13808]
  0x0000029693db5800 ConcurrentGCThread "G1 Main Marker" [stack: 0x000000e740700000,0x000000e740800000] [id=20628]
  0x0000029693db7000 ConcurrentGCThread "G1 Conc#0" [stack: 0x000000e740800000,0x000000e740900000] [id=14224]
  0x0000029693e46000 ConcurrentGCThread "G1 Refine#0" [stack: 0x000000e740900000,0x000000e740a00000] [id=21752]
  0x0000029693e47000 ConcurrentGCThread "G1 Young RemSet Sampling" [stack: 0x000000e740a00000,0x000000e740b00000] [id=21244]

Threads with active compile tasks:
C2 CompilerThread0  11260 7387       4       java.lang.String::split (324 bytes)
C2 CompilerThread1  11260 7579       4       org.gradle.internal.snapshot.VfsRelativePath::compareToFirstSegment (203 bytes)

VM state:not at safepoint (normal execution)

VM Mutex/Monitor currently owned by a thread: None

Heap address: 0x0000000080000000, size: 2048 MB, Compressed Oops mode: 32-bit
Narrow klass base: 0x0000000000000000, Narrow klass shift: 3
Compressed class space size: 1073741824 Address: 0x0000000100000000

Heap:
 garbage-first heap   total 189440K, used 108388K [0x0000000080000000, 0x0000000100000000)
  region size 1024K, 58 young (59392K), 6 survivors (6144K)
 Metaspace       used 77881K, capacity 79914K, committed 80076K, reserved 1118208K
  class space    used 10227K, capacity 10931K, committed 10956K, reserved 1048576K
Heap Regions: E=young(eden), S=young(survivor), O=old, HS=humongous(starts), HC=humongous(continues), CS=collection set, F=free, A=archive, TAMS=top-at-mark-start (previous, next)
|   0|0x0000000080000000, 0x0000000080100000, 0x0000000080100000|100%| O|  |TAMS 0x0000000080100000, 0x0000000080000000| Untracked 
|   1|0x0000000080100000, 0x0000000080200000, 0x0000000080200000|100%| O|  |TAMS 0x0000000080200000, 0x0000000080100000| Untracked 
|   2|0x0000000080200000, 0x0000000080300000, 0x0000000080300000|100%| O|  |TAMS 0x0000000080300000, 0x0000000080200000| Untracked 
|   3|0x0000000080300000, 0x0000000080400000, 0x0000000080400000|100%|HS|  |TAMS 0x0000000080400000, 0x0000000080300000| Complete 
|   4|0x0000000080400000, 0x0000000080500000, 0x0000000080500000|100%|HC|  |TAMS 0x0000000080500000, 0x0000000080400000| Complete 
|   5|0x0000000080500000, 0x0000000080600000, 0x0000000080600000|100%|HC|  |TAMS 0x0000000080600000, 0x0000000080500000| Complete 
|   6|0x0000000080600000, 0x0000000080700000, 0x0000000080700000|100%| O|  |TAMS 0x0000000080700000, 0x0000000080600000| Untracked 
|   7|0x0000000080700000, 0x0000000080800000, 0x0000000080800000|100%| O|  |TAMS 0x0000000080800000, 0x0000000080700000| Untracked 
|   8|0x0000000080800000, 0x0000000080900000, 0x0000000080900000|100%| O|  |TAMS 0x0000000080900000, 0x0000000080800000| Untracked 
|   9|0x0000000080900000, 0x0000000080a00000, 0x0000000080a00000|100%| O|  |TAMS 0x0000000080a00000, 0x0000000080900000| Untracked 
|  10|0x0000000080a00000, 0x0000000080b00000, 0x0000000080b00000|100%| O|  |TAMS 0x0000000080b00000, 0x0000000080a00000| Untracked 
|  11|0x0000000080b00000, 0x0000000080c00000, 0x0000000080c00000|100%| O|  |TAMS 0x0000000080c00000, 0x0000000080b00000| Untracked 
|  12|0x0000000080c00000, 0x0000000080d00000, 0x0000000080d00000|100%| O|  |TAMS 0x0000000080d00000, 0x0000000080c00000| Untracked 
|  13|0x0000000080d00000, 0x0000000080e00000, 0x0000000080e00000|100%| O|  |TAMS 0x0000000080e00000, 0x0000000080d00000| Untracked 
|  14|0x0000000080e00000, 0x0000000080f00000, 0x0000000080f00000|100%| O|  |TAMS 0x0000000080f00000, 0x0000000080e00000| Untracked 
|  15|0x0000000080f00000, 0x0000000081000000, 0x0000000081000000|100%| O|  |TAMS 0x0000000081000000, 0x0000000080f00000| Untracked 
|  16|0x0000000081000000, 0x0000000081100000, 0x0000000081100000|100%| O|  |TAMS 0x0000000081100000, 0x0000000081000000| Untracked 
|  17|0x0000000081100000, 0x0000000081200000, 0x0000000081200000|100%|HS|  |TAMS 0x0000000081200000, 0x0000000081100000| Complete 
|  18|0x0000000081200000, 0x0000000081300000, 0x0000000081300000|100%| O|  |TAMS 0x0000000081300000, 0x0000000081200000| Untracked 
|  19|0x0000000081300000, 0x0000000081400000, 0x0000000081400000|100%| O|  |TAMS 0x0000000081400000, 0x0000000081300000| Untracked 
|  20|0x0000000081400000, 0x0000000081500000, 0x0000000081500000|100%| O|  |TAMS 0x0000000081500000, 0x0000000081400000| Untracked 
|  21|0x0000000081500000, 0x0000000081600000, 0x0000000081600000|100%| O|  |TAMS 0x0000000081600000, 0x0000000081500000| Untracked 
|  22|0x0000000081600000, 0x0000000081700000, 0x0000000081700000|100%| O|  |TAMS 0x0000000081700000, 0x0000000081600000| Untracked 
|  23|0x0000000081700000, 0x0000000081800000, 0x0000000081800000|100%|HS|  |TAMS 0x0000000081800000, 0x0000000081700000| Complete 
|  24|0x0000000081800000, 0x0000000081900000, 0x0000000081900000|100%|HS|  |TAMS 0x0000000081900000, 0x0000000081800000| Complete 
|  25|0x0000000081900000, 0x0000000081a00000, 0x0000000081a00000|100%|HC|  |TAMS 0x0000000081a00000, 0x0000000081900000| Complete 
|  26|0x0000000081a00000, 0x0000000081b00000, 0x0000000081b00000|100%| O|  |TAMS 0x0000000081b00000, 0x0000000081a00000| Untracked 
|  27|0x0000000081b00000, 0x0000000081c00000, 0x0000000081c00000|100%| O|  |TAMS 0x0000000081c00000, 0x0000000081b00000| Untracked 
|  28|0x0000000081c00000, 0x0000000081d00000, 0x0000000081d00000|100%| O|  |TAMS 0x0000000081d00000, 0x0000000081c00000| Untracked 
|  29|0x0000000081d00000, 0x0000000081e00000, 0x0000000081e00000|100%| O|  |TAMS 0x0000000081e00000, 0x0000000081d00000| Untracked 
|  30|0x0000000081e00000, 0x0000000081f00000, 0x0000000081f00000|100%| O|  |TAMS 0x0000000081f00000, 0x0000000081e00000| Untracked 
|  31|0x0000000081f00000, 0x0000000082000000, 0x0000000082000000|100%| O|  |TAMS 0x0000000082000000, 0x0000000081f00000| Untracked 
|  32|0x0000000082000000, 0x0000000082100000, 0x0000000082100000|100%| O|  |TAMS 0x0000000082100000, 0x0000000082000000| Untracked 
|  33|0x0000000082100000, 0x0000000082200000, 0x0000000082200000|100%| O|  |TAMS 0x0000000082200000, 0x0000000082100000| Untracked 
|  34|0x0000000082200000, 0x0000000082300000, 0x0000000082300000|100%| O|  |TAMS 0x0000000082300000, 0x0000000082200000| Untracked 
|  35|0x0000000082300000, 0x0000000082400000, 0x0000000082400000|100%| O|  |TAMS 0x0000000082400000, 0x0000000082300000| Untracked 
|  36|0x0000000082400000, 0x0000000082500000, 0x0000000082500000|100%| O|  |TAMS 0x0000000082500000, 0x0000000082400000| Untracked 
|  37|0x0000000082500000, 0x0000000082600000, 0x0000000082600000|100%| O|  |TAMS 0x0000000082600000, 0x0000000082500000| Untracked 
|  38|0x0000000082600000, 0x0000000082700000, 0x0000000082700000|100%| O|  |TAMS 0x0000000082700000, 0x0000000082600000| Untracked 
|  39|0x0000000082700000, 0x0000000082800000, 0x0000000082800000|100%| O|  |TAMS 0x0000000082800000, 0x0000000082700000| Untracked 
|  40|0x0000000082800000, 0x0000000082900000, 0x0000000082900000|100%| O|  |TAMS 0x0000000082900000, 0x0000000082800000| Untracked 
|  41|0x0000000082900000, 0x0000000082a00000, 0x0000000082a00000|100%| O|  |TAMS 0x00000000829cca00, 0x0000000082900000| Untracked 
|  42|0x0000000082a00000, 0x0000000082b00000, 0x0000000082b00000|100%| O|  |TAMS 0x0000000082a00000, 0x0000000082a00000| Untracked 
|  43|0x0000000082b00000, 0x0000000082c00000, 0x0000000082c00000|100%| O|  |TAMS 0x0000000082b00000, 0x0000000082b00000| Untracked 
|  44|0x0000000082c00000, 0x0000000082d00000, 0x0000000082d00000|100%| O|  |TAMS 0x0000000082c00000, 0x0000000082c00000| Untracked 
|  45|0x0000000082d00000, 0x0000000082e00000, 0x0000000082e00000|100%| O|  |TAMS 0x0000000082d00000, 0x0000000082d00000| Untracked 
|  46|0x0000000082e00000, 0x0000000082f00000, 0x0000000082f00000|100%| O|  |TAMS 0x0000000082e00000, 0x0000000082e00000| Untracked 
|  47|0x0000000082f00000, 0x0000000083000000, 0x0000000083000000|100%| O|  |TAMS 0x0000000082f00000, 0x0000000082f00000| Untracked 
|  48|0x0000000083000000, 0x0000000083100000, 0x0000000083100000|100%| O|  |TAMS 0x0000000083000000, 0x0000000083000000| Untracked 
|  49|0x0000000083100000, 0x000000008312ea00, 0x0000000083200000| 18%| O|  |TAMS 0x0000000083100000, 0x0000000083100000| Untracked 
|  50|0x0000000083200000, 0x0000000083200000, 0x0000000083300000|  0%| F|  |TAMS 0x0000000083200000, 0x0000000083200000| Untracked 
|  51|0x0000000083300000, 0x0000000083300000, 0x0000000083400000|  0%| F|  |TAMS 0x0000000083300000, 0x0000000083300000| Untracked 
|  52|0x0000000083400000, 0x0000000083400000, 0x0000000083500000|  0%| F|  |TAMS 0x0000000083400000, 0x0000000083400000| Untracked 
|  53|0x0000000083500000, 0x0000000083500000, 0x0000000083600000|  0%| F|  |TAMS 0x0000000083500000, 0x0000000083500000| Untracked 
|  54|0x0000000083600000, 0x0000000083600000, 0x0000000083700000|  0%| F|  |TAMS 0x0000000083600000, 0x0000000083600000| Untracked 
|  55|0x0000000083700000, 0x0000000083700000, 0x0000000083800000|  0%| F|  |TAMS 0x0000000083700000, 0x0000000083700000| Untracked 
|  56|0x0000000083800000, 0x0000000083800000, 0x0000000083900000|  0%| F|  |TAMS 0x0000000083800000, 0x0000000083800000| Untracked 
|  57|0x0000000083900000, 0x0000000083900000, 0x0000000083a00000|  0%| F|  |TAMS 0x0000000083900000, 0x0000000083900000| Untracked 
|  58|0x0000000083a00000, 0x0000000083a00000, 0x0000000083b00000|  0%| F|  |TAMS 0x0000000083a00000, 0x0000000083a00000| Untracked 
|  59|0x0000000083b00000, 0x0000000083b00000, 0x0000000083c00000|  0%| F|  |TAMS 0x0000000083b00000, 0x0000000083b00000| Untracked 
|  60|0x0000000083c00000, 0x0000000083c00000, 0x0000000083d00000|  0%| F|  |TAMS 0x0000000083c00000, 0x0000000083c00000| Untracked 
|  61|0x0000000083d00000, 0x0000000083d00000, 0x0000000083e00000|  0%| F|  |TAMS 0x0000000083d00000, 0x0000000083d00000| Untracked 
|  62|0x0000000083e00000, 0x0000000083e00000, 0x0000000083f00000|  0%| F|  |TAMS 0x0000000083e00000, 0x0000000083e00000| Untracked 
|  63|0x0000000083f00000, 0x0000000083f00000, 0x0000000084000000|  0%| F|  |TAMS 0x0000000083f00000, 0x0000000083f00000| Untracked 
|  64|0x0000000084000000, 0x0000000084000000, 0x0000000084100000|  0%| F|  |TAMS 0x0000000084000000, 0x0000000084000000| Untracked 
|  65|0x0000000084100000, 0x0000000084100000, 0x0000000084200000|  0%| F|  |TAMS 0x0000000084100000, 0x0000000084100000| Untracked 
|  66|0x0000000084200000, 0x0000000084200000, 0x0000000084300000|  0%| F|  |TAMS 0x0000000084200000, 0x0000000084200000| Untracked 
|  67|0x0000000084300000, 0x0000000084300000, 0x0000000084400000|  0%| F|  |TAMS 0x0000000084300000, 0x0000000084300000| Untracked 
|  68|0x0000000084400000, 0x0000000084400000, 0x0000000084500000|  0%| F|  |TAMS 0x0000000084400000, 0x0000000084400000| Untracked 
|  69|0x0000000084500000, 0x0000000084500000, 0x0000000084600000|  0%| F|  |TAMS 0x0000000084500000, 0x0000000084500000| Untracked 
|  70|0x0000000084600000, 0x0000000084600000, 0x0000000084700000|  0%| F|  |TAMS 0x0000000084600000, 0x0000000084600000| Untracked 
|  71|0x0000000084700000, 0x0000000084700000, 0x0000000084800000|  0%| F|  |TAMS 0x0000000084700000, 0x0000000084700000| Untracked 
|  72|0x0000000084800000, 0x0000000084800000, 0x0000000084900000|  0%| F|  |TAMS 0x0000000084800000, 0x0000000084800000| Untracked 
|  73|0x0000000084900000, 0x0000000084900000, 0x0000000084a00000|  0%| F|  |TAMS 0x0000000084900000, 0x0000000084900000| Untracked 
|  74|0x0000000084a00000, 0x0000000084a00000, 0x0000000084b00000|  0%| F|  |TAMS 0x0000000084a00000, 0x0000000084a00000| Untracked 
|  75|0x0000000084b00000, 0x0000000084b00000, 0x0000000084c00000|  0%| F|  |TAMS 0x0000000084b00000, 0x0000000084b00000| Untracked 
|  76|0x0000000084c00000, 0x0000000084c00000, 0x0000000084d00000|  0%| F|  |TAMS 0x0000000084c00000, 0x0000000084c00000| Untracked 
|  77|0x0000000084d00000, 0x0000000084d00000, 0x0000000084e00000|  0%| F|  |TAMS 0x0000000084d00000, 0x0000000084d00000| Untracked 
|  78|0x0000000084e00000, 0x0000000084e00000, 0x0000000084f00000|  0%| F|  |TAMS 0x0000000084e00000, 0x0000000084e00000| Untracked 
|  79|0x0000000084f00000, 0x0000000084f00000, 0x0000000085000000|  0%| F|  |TAMS 0x0000000084f00000, 0x0000000084f00000| Untracked 
|  80|0x0000000085000000, 0x0000000085000000, 0x0000000085100000|  0%| F|  |TAMS 0x0000000085000000, 0x0000000085000000| Untracked 
|  81|0x0000000085100000, 0x0000000085100000, 0x0000000085200000|  0%| F|  |TAMS 0x0000000085100000, 0x0000000085100000| Untracked 
|  82|0x0000000085200000, 0x0000000085200000, 0x0000000085300000|  0%| F|  |TAMS 0x0000000085200000, 0x0000000085200000| Untracked 
|  83|0x0000000085300000, 0x0000000085300000, 0x0000000085400000|  0%| F|  |TAMS 0x0000000085300000, 0x0000000085300000| Untracked 
|  84|0x0000000085400000, 0x0000000085400000, 0x0000000085500000|  0%| F|  |TAMS 0x0000000085400000, 0x0000000085400000| Untracked 
|  85|0x0000000085500000, 0x0000000085500000, 0x0000000085600000|  0%| F|  |TAMS 0x0000000085500000, 0x0000000085500000| Untracked 
|  86|0x0000000085600000, 0x0000000085600000, 0x0000000085700000|  0%| F|  |TAMS 0x0000000085600000, 0x0000000085600000| Untracked 
|  87|0x0000000085700000, 0x0000000085700000, 0x0000000085800000|  0%| F|  |TAMS 0x0000000085700000, 0x0000000085700000| Untracked 
|  88|0x0000000085800000, 0x0000000085800000, 0x0000000085900000|  0%| F|  |TAMS 0x0000000085800000, 0x0000000085800000| Untracked 
|  89|0x0000000085900000, 0x0000000085900000, 0x0000000085a00000|  0%| F|  |TAMS 0x0000000085900000, 0x0000000085900000| Untracked 
|  90|0x0000000085a00000, 0x0000000085a00000, 0x0000000085b00000|  0%| F|  |TAMS 0x0000000085a00000, 0x0000000085a00000| Untracked 
|  91|0x0000000085b00000, 0x0000000085b00000, 0x0000000085c00000|  0%| F|  |TAMS 0x0000000085b00000, 0x0000000085b00000| Untracked 
|  92|0x0000000085c00000, 0x0000000085c00000, 0x0000000085d00000|  0%| F|  |TAMS 0x0000000085c00000, 0x0000000085c00000| Untracked 
|  93|0x0000000085d00000, 0x0000000085d00000, 0x0000000085e00000|  0%| F|  |TAMS 0x0000000085d00000, 0x0000000085d00000| Untracked 
|  94|0x0000000085e00000, 0x0000000085eaa620, 0x0000000085f00000| 66%| S|CS|TAMS 0x0000000085e00000, 0x0000000085e00000| Complete 
|  95|0x0000000085f00000, 0x0000000086000000, 0x0000000086000000|100%| S|CS|TAMS 0x0000000085f00000, 0x0000000085f00000| Complete 
|  96|0x0000000086000000, 0x0000000086100000, 0x0000000086100000|100%| S|CS|TAMS 0x0000000086000000, 0x0000000086000000| Complete 
|  97|0x0000000086100000, 0x0000000086200000, 0x0000000086200000|100%| S|CS|TAMS 0x0000000086100000, 0x0000000086100000| Complete 
|  98|0x0000000086200000, 0x0000000086300000, 0x0000000086300000|100%| S|CS|TAMS 0x0000000086200000, 0x0000000086200000| Complete 
|  99|0x0000000086300000, 0x0000000086400000, 0x0000000086400000|100%| S|CS|TAMS 0x0000000086300000, 0x0000000086300000| Complete 
| 100|0x0000000086400000, 0x0000000086400000, 0x0000000086500000|  0%| F|  |TAMS 0x0000000086400000, 0x0000000086400000| Untracked 
| 101|0x0000000086500000, 0x0000000086500000, 0x0000000086600000|  0%| F|  |TAMS 0x0000000086500000, 0x0000000086500000| Untracked 
| 102|0x0000000086600000, 0x0000000086600000, 0x0000000086700000|  0%| F|  |TAMS 0x0000000086600000, 0x0000000086600000| Untracked 
| 103|0x0000000086700000, 0x0000000086700000, 0x0000000086800000|  0%| F|  |TAMS 0x0000000086700000, 0x0000000086700000| Untracked 
| 104|0x0000000086800000, 0x0000000086800000, 0x0000000086900000|  0%| F|  |TAMS 0x0000000086800000, 0x0000000086800000| Untracked 
| 105|0x0000000086900000, 0x0000000086900000, 0x0000000086a00000|  0%| F|  |TAMS 0x0000000086900000, 0x0000000086900000| Untracked 
| 106|0x0000000086a00000, 0x0000000086a00000, 0x0000000086b00000|  0%| F|  |TAMS 0x0000000086a00000, 0x0000000086a00000| Untracked 
| 107|0x0000000086b00000, 0x0000000086b00000, 0x0000000086c00000|  0%| F|  |TAMS 0x0000000086b00000, 0x0000000086b00000| Untracked 
| 108|0x0000000086c00000, 0x0000000086c00000, 0x0000000086d00000|  0%| F|  |TAMS 0x0000000086c00000, 0x0000000086c00000| Untracked 
| 109|0x0000000086d00000, 0x0000000086d00000, 0x0000000086e00000|  0%| F|  |TAMS 0x0000000086d00000, 0x0000000086d00000| Untracked 
| 110|0x0000000086e00000, 0x0000000086e00000, 0x0000000086f00000|  0%| F|  |TAMS 0x0000000086e00000, 0x0000000086e00000| Untracked 
| 111|0x0000000086f00000, 0x0000000086f00000, 0x0000000087000000|  0%| F|  |TAMS 0x0000000086f00000, 0x0000000086f00000| Untracked 
| 112|0x0000000087000000, 0x0000000087000000, 0x0000000087100000|  0%| F|  |TAMS 0x0000000087000000, 0x0000000087000000| Untracked 
| 113|0x0000000087100000, 0x0000000087100000, 0x0000000087200000|  0%| F|  |TAMS 0x0000000087100000, 0x0000000087100000| Untracked 
| 114|0x0000000087200000, 0x0000000087200000, 0x0000000087300000|  0%| F|  |TAMS 0x0000000087200000, 0x0000000087200000| Untracked 
| 115|0x0000000087300000, 0x0000000087300000, 0x0000000087400000|  0%| F|  |TAMS 0x0000000087300000, 0x0000000087300000| Untracked 
| 116|0x0000000087400000, 0x0000000087400000, 0x0000000087500000|  0%| F|  |TAMS 0x0000000087400000, 0x0000000087400000| Untracked 
| 117|0x0000000087500000, 0x0000000087500000, 0x0000000087600000|  0%| F|  |TAMS 0x0000000087500000, 0x0000000087500000| Untracked 
| 118|0x0000000087600000, 0x0000000087600000, 0x0000000087700000|  0%| F|  |TAMS 0x0000000087600000, 0x0000000087600000| Untracked 
| 119|0x0000000087700000, 0x0000000087700000, 0x0000000087800000|  0%| F|  |TAMS 0x0000000087700000, 0x0000000087700000| Untracked 
| 120|0x0000000087800000, 0x0000000087800000, 0x0000000087900000|  0%| F|  |TAMS 0x0000000087800000, 0x0000000087800000| Untracked 
| 121|0x0000000087900000, 0x0000000087900000, 0x0000000087a00000|  0%| F|  |TAMS 0x0000000087900000, 0x0000000087900000| Untracked 
| 122|0x0000000087a00000, 0x0000000087a00000, 0x0000000087b00000|  0%| F|  |TAMS 0x0000000087a00000, 0x0000000087a00000| Untracked 
| 123|0x0000000087b00000, 0x0000000087b00000, 0x0000000087c00000|  0%| F|  |TAMS 0x0000000087b00000, 0x0000000087b00000| Untracked 
| 124|0x0000000087c00000, 0x0000000087c00000, 0x0000000087d00000|  0%| F|  |TAMS 0x0000000087c00000, 0x0000000087c00000| Untracked 
| 125|0x0000000087d00000, 0x0000000087d00000, 0x0000000087e00000|  0%| F|  |TAMS 0x0000000087d00000, 0x0000000087d00000| Untracked 
| 126|0x0000000087e00000, 0x0000000087e00000, 0x0000000087f00000|  0%| F|  |TAMS 0x0000000087e00000, 0x0000000087e00000| Untracked 
| 127|0x0000000087f00000, 0x0000000087f00000, 0x0000000088000000|  0%| F|  |TAMS 0x0000000087f00000, 0x0000000087f00000| Untracked 
| 128|0x0000000088000000, 0x0000000088000000, 0x0000000088100000|  0%| F|  |TAMS 0x0000000088000000, 0x0000000088000000| Untracked 
| 129|0x0000000088100000, 0x0000000088100000, 0x0000000088200000|  0%| F|  |TAMS 0x0000000088100000, 0x0000000088100000| Untracked 
| 130|0x0000000088200000, 0x0000000088200000, 0x0000000088300000|  0%| F|  |TAMS 0x0000000088200000, 0x0000000088200000| Untracked 
| 131|0x0000000088300000, 0x0000000088300000, 0x0000000088400000|  0%| F|  |TAMS 0x0000000088300000, 0x0000000088300000| Untracked 
| 132|0x0000000088400000, 0x0000000088400000, 0x0000000088500000|  0%| F|  |TAMS 0x0000000088400000, 0x0000000088400000| Untracked 
| 133|0x0000000088500000, 0x0000000088558680, 0x0000000088600000| 34%| E|  |TAMS 0x0000000088500000, 0x0000000088500000| Complete 
| 134|0x0000000088600000, 0x0000000088700000, 0x0000000088700000|100%| E|CS|TAMS 0x0000000088600000, 0x0000000088600000| Complete 
| 135|0x0000000088700000, 0x0000000088800000, 0x0000000088800000|100%| E|CS|TAMS 0x0000000088700000, 0x0000000088700000| Complete 
| 136|0x0000000088800000, 0x0000000088900000, 0x0000000088900000|100%| E|CS|TAMS 0x0000000088800000, 0x0000000088800000| Complete 
| 137|0x0000000088900000, 0x0000000088a00000, 0x0000000088a00000|100%| E|CS|TAMS 0x0000000088900000, 0x0000000088900000| Complete 
| 138|0x0000000088a00000, 0x0000000088b00000, 0x0000000088b00000|100%| E|CS|TAMS 0x0000000088a00000, 0x0000000088a00000| Complete 
| 139|0x0000000088b00000, 0x0000000088c00000, 0x0000000088c00000|100%| E|CS|TAMS 0x0000000088b00000, 0x0000000088b00000| Complete 
| 140|0x0000000088c00000, 0x0000000088d00000, 0x0000000088d00000|100%| E|CS|TAMS 0x0000000088c00000, 0x0000000088c00000| Complete 
| 141|0x0000000088d00000, 0x0000000088e00000, 0x0000000088e00000|100%| E|CS|TAMS 0x0000000088d00000, 0x0000000088d00000| Complete 
| 142|0x0000000088e00000, 0x0000000088f00000, 0x0000000088f00000|100%| E|CS|TAMS 0x0000000088e00000, 0x0000000088e00000| Complete 
| 143|0x0000000088f00000, 0x0000000089000000, 0x0000000089000000|100%| E|CS|TAMS 0x0000000088f00000, 0x0000000088f00000| Complete 
| 144|0x0000000089000000, 0x0000000089100000, 0x0000000089100000|100%| E|CS|TAMS 0x0000000089000000, 0x0000000089000000| Complete 
| 145|0x0000000089100000, 0x0000000089200000, 0x0000000089200000|100%| E|CS|TAMS 0x0000000089100000, 0x0000000089100000| Complete 
| 146|0x0000000089200000, 0x0000000089300000, 0x0000000089300000|100%| E|CS|TAMS 0x0000000089200000, 0x0000000089200000| Complete 
| 147|0x0000000089300000, 0x0000000089400000, 0x0000000089400000|100%| E|CS|TAMS 0x0000000089300000, 0x0000000089300000| Complete 
| 148|0x0000000089400000, 0x0000000089500000, 0x0000000089500000|100%| E|CS|TAMS 0x0000000089400000, 0x0000000089400000| Complete 
| 149|0x0000000089500000, 0x0000000089600000, 0x0000000089600000|100%| E|CS|TAMS 0x0000000089500000, 0x0000000089500000| Complete 
| 150|0x0000000089600000, 0x0000000089700000, 0x0000000089700000|100%| E|CS|TAMS 0x0000000089600000, 0x0000000089600000| Complete 
| 151|0x0000000089700000, 0x0000000089800000, 0x0000000089800000|100%| E|CS|TAMS 0x0000000089700000, 0x0000000089700000| Complete 
| 152|0x0000000089800000, 0x0000000089900000, 0x0000000089900000|100%| E|CS|TAMS 0x0000000089800000, 0x0000000089800000| Complete 
| 153|0x0000000089900000, 0x0000000089a00000, 0x0000000089a00000|100%| E|CS|TAMS 0x0000000089900000, 0x0000000089900000| Complete 
| 154|0x0000000089a00000, 0x0000000089b00000, 0x0000000089b00000|100%| E|CS|TAMS 0x0000000089a00000, 0x0000000089a00000| Complete 
| 155|0x0000000089b00000, 0x0000000089c00000, 0x0000000089c00000|100%| E|CS|TAMS 0x0000000089b00000, 0x0000000089b00000| Complete 
| 156|0x0000000089c00000, 0x0000000089d00000, 0x0000000089d00000|100%| E|CS|TAMS 0x0000000089c00000, 0x0000000089c00000| Complete 
| 157|0x0000000089d00000, 0x0000000089e00000, 0x0000000089e00000|100%| E|CS|TAMS 0x0000000089d00000, 0x0000000089d00000| Complete 
| 158|0x0000000089e00000, 0x0000000089f00000, 0x0000000089f00000|100%| E|CS|TAMS 0x0000000089e00000, 0x0000000089e00000| Complete 
| 159|0x0000000089f00000, 0x000000008a000000, 0x000000008a000000|100%| E|CS|TAMS 0x0000000089f00000, 0x0000000089f00000| Complete 
| 160|0x000000008a000000, 0x000000008a100000, 0x000000008a100000|100%| E|CS|TAMS 0x000000008a000000, 0x000000008a000000| Complete 
| 161|0x000000008a100000, 0x000000008a200000, 0x000000008a200000|100%| E|CS|TAMS 0x000000008a100000, 0x000000008a100000| Complete 
| 162|0x000000008a200000, 0x000000008a300000, 0x000000008a300000|100%| E|CS|TAMS 0x000000008a200000, 0x000000008a200000| Complete 
| 163|0x000000008a300000, 0x000000008a400000, 0x000000008a400000|100%| E|CS|TAMS 0x000000008a300000, 0x000000008a300000| Complete 
| 164|0x000000008a400000, 0x000000008a500000, 0x000000008a500000|100%| E|CS|TAMS 0x000000008a400000, 0x000000008a400000| Complete 
| 165|0x000000008a500000, 0x000000008a600000, 0x000000008a600000|100%| E|CS|TAMS 0x000000008a500000, 0x000000008a500000| Complete 
| 166|0x000000008a600000, 0x000000008a700000, 0x000000008a700000|100%| E|CS|TAMS 0x000000008a600000, 0x000000008a600000| Complete 
| 167|0x000000008a700000, 0x000000008a800000, 0x000000008a800000|100%| E|CS|TAMS 0x000000008a700000, 0x000000008a700000| Complete 
| 168|0x000000008a800000, 0x000000008a900000, 0x000000008a900000|100%| E|CS|TAMS 0x000000008a800000, 0x000000008a800000| Complete 
| 169|0x000000008a900000, 0x000000008aa00000, 0x000000008aa00000|100%| E|CS|TAMS 0x000000008a900000, 0x000000008a900000| Complete 
| 170|0x000000008aa00000, 0x000000008ab00000, 0x000000008ab00000|100%| E|CS|TAMS 0x000000008aa00000, 0x000000008aa00000| Complete 
| 171|0x000000008ab00000, 0x000000008ac00000, 0x000000008ac00000|100%| E|CS|TAMS 0x000000008ab00000, 0x000000008ab00000| Complete 
| 172|0x000000008ac00000, 0x000000008ad00000, 0x000000008ad00000|100%| E|CS|TAMS 0x000000008ac00000, 0x000000008ac00000| Complete 
| 173|0x000000008ad00000, 0x000000008ae00000, 0x000000008ae00000|100%| E|CS|TAMS 0x000000008ad00000, 0x000000008ad00000| Complete 
| 174|0x000000008ae00000, 0x000000008af00000, 0x000000008af00000|100%| E|CS|TAMS 0x000000008ae00000, 0x000000008ae00000| Complete 
| 175|0x000000008af00000, 0x000000008b000000, 0x000000008b000000|100%| E|CS|TAMS 0x000000008af00000, 0x000000008af00000| Complete 
| 176|0x000000008b000000, 0x000000008b100000, 0x000000008b100000|100%| E|CS|TAMS 0x000000008b000000, 0x000000008b000000| Complete 
| 177|0x000000008b100000, 0x000000008b200000, 0x000000008b200000|100%| E|CS|TAMS 0x000000008b100000, 0x000000008b100000| Complete 
| 178|0x000000008b200000, 0x000000008b300000, 0x000000008b300000|100%| E|CS|TAMS 0x000000008b200000, 0x000000008b200000| Complete 
| 179|0x000000008b300000, 0x000000008b400000, 0x000000008b400000|100%| E|CS|TAMS 0x000000008b300000, 0x000000008b300000| Complete 
| 180|0x000000008b400000, 0x000000008b500000, 0x000000008b500000|100%| E|CS|TAMS 0x000000008b400000, 0x000000008b400000| Complete 
| 181|0x000000008b500000, 0x000000008b600000, 0x000000008b600000|100%| E|CS|TAMS 0x000000008b500000, 0x000000008b500000| Complete 
| 182|0x000000008b600000, 0x000000008b700000, 0x000000008b700000|100%| E|CS|TAMS 0x000000008b600000, 0x000000008b600000| Complete 
| 183|0x000000008b700000, 0x000000008b800000, 0x000000008b800000|100%| E|CS|TAMS 0x000000008b700000, 0x000000008b700000| Complete 
| 184|0x000000008b800000, 0x000000008b900000, 0x000000008b900000|100%| E|CS|TAMS 0x000000008b800000, 0x000000008b800000| Complete 

Card table byte_map: [0x00000296a8a90000,0x00000296a8e90000] _byte_map_base: 0x00000296a8690000

Marking Bits (Prev, Next): (CMBitMap*) 0x0000029693dac928, (CMBitMap*) 0x0000029693dac960
 Prev Bits: [0x00000296a9290000, 0x00000296ab290000)
 Next Bits: [0x00000296ab290000, 0x00000296ad290000)

Polling page: 0x0000029693e50000

Metaspace:

Usage:
  Non-class:     67.37 MB capacity,    66.07 MB ( 98%) used,     1.09 MB (  2%) free+waste,   206.56 KB ( <1%) overhead. 
      Class:     10.67 MB capacity,     9.99 MB ( 94%) used,   607.60 KB (  6%) free+waste,    96.38 KB ( <1%) overhead. 
       Both:     78.04 MB capacity,    76.06 MB ( 97%) used,     1.69 MB (  2%) free+waste,   302.94 KB ( <1%) overhead. 

Virtual space:
  Non-class space:       68.00 MB reserved,      67.50 MB (>99%) committed 
      Class space:        1.00 GB reserved,      10.70 MB (  1%) committed 
             Both:        1.07 GB reserved,      78.20 MB (  7%) committed 

Chunk freelists:
   Non-Class:  8.00 KB
       Class:  13.00 KB
        Both:  21.00 KB

MaxMetaspaceSize: 17179869184.00 GB
CompressedClassSpaceSize: 1.00 GB

CodeHeap 'non-profiled nmethods': size=120064Kb used=4464Kb max_used=4464Kb free=115599Kb
 bounds [0x00000296a0b30000, 0x00000296a0f90000, 0x00000296a8070000]
CodeHeap 'profiled nmethods': size=120000Kb used=16384Kb max_used=16384Kb free=103615Kb
 bounds [0x0000029699600000, 0x000002969a610000, 0x00000296a0b30000]
CodeHeap 'non-nmethods': size=5696Kb used=2273Kb max_used=2313Kb free=3422Kb
 bounds [0x0000029699070000, 0x00000296992e0000, 0x0000029699600000]
 total_blobs=8464 nmethods=7593 adapters=782
 compilation: enabled
              stopped_count=0, restarted_count=0
 full_count=0

Compilation events (20 events):
Event: 11.209 Thread 0x00000296af8f8000 7470       3       org.gradle.api.internal.attributes.DefaultImmutableAttributes::contains (9 bytes)
Event: 11.209 Thread 0x00000296af8f8000 nmethod 7470 0x000002969a5c3410 code [0x000002969a5c35c0, 0x000002969a5c3788]
Event: 11.210 Thread 0x00000296af8f8000 7471       3       org.gradle.api.internal.artifacts.repositories.metadata.DefaultMetadataFileSourceCodec::decode (6 bytes)
Event: 11.210 Thread 0x00000296af8f8000 nmethod 7471 0x000002969a5c3890 code [0x000002969a5c3a40, 0x000002969a5c3b88]
Event: 11.210 Thread 0x00000296af8f8000 7472       3       org.gradle.api.internal.artifacts.repositories.metadata.DefaultMetadataFileSourceCodec::decode (55 bytes)
Event: 11.210 Thread 0x00000296af8f8000 nmethod 7472 0x000002969a5c3c10 code [0x000002969a5c3e20, 0x000002969a5c4338]
Event: 11.210 Thread 0x00000296af8f8000 7473       3       org.gradle.api.internal.filestore.DefaultArtifactIdentifierFileStore::whereIs (7 bytes)
Event: 11.210 Thread 0x00000296af8f8000 nmethod 7473 0x000002969a5c4510 code [0x000002969a5c46e0, 0x000002969a5c4918]
Event: 11.212 Thread 0x00000296af8f8000 7474       3       org.gradle.api.internal.artifacts.ivyservice.projectmodule.ProjectDependencyResolver::isProjectModule (5 bytes)
Event: 11.212 Thread 0x00000296af8f8000 nmethod 7474 0x000002969a5c4a10 code [0x000002969a5c4bc0, 0x000002969a5c4dd8]
Event: 11.212 Thread 0x00000296af8f8000 7475       3       org.gradle.internal.component.external.model.AbstractLazyModuleComponentResolveMetadata::getAttributesFactory (5 bytes)
Event: 11.212 Thread 0x00000296af8f8000 nmethod 7475 0x000002969a5c4e90 code [0x000002969a5c5040, 0x000002969a5c5158]
Event: 11.212 Thread 0x00000296af8f8000 7476       3       org.gradle.api.internal.artifacts.ivyservice.resolveengine.graph.builder.NodeState::notNull (12 bytes)
Event: 11.213 Thread 0x00000296af8f8000 nmethod 7476 0x000002969a5c5210 code [0x000002969a5c53c0, 0x000002969a5c54f8]
Event: 11.213 Thread 0x00000296af8f8000 7477       3       org.gradle.api.internal.artifacts.ivyservice.resolveengine.strict.StrictVersionConstraints$1::union (2 bytes)
Event: 11.213 Thread 0x00000296af8f8000 nmethod 7477 0x000002969a5c5590 code [0x000002969a5c5740, 0x000002969a5c5838]
Event: 11.213 Thread 0x00000296af8f8000 7478       1       org.gradle.internal.component.external.model.AbstractModuleComponentResolveMetadata::getPlatformOwners (5 bytes)
Event: 11.213 Thread 0x00000296af8f8000 nmethod 7478 0x00000296a0f81510 code [0x00000296a0f816c0, 0x00000296a0f81778]
Event: 11.213 Thread 0x00000296b2fb7800 7479       4       org.gradle.api.internal.artifacts.ivyservice.dependencysubstitution.DefaultDependencySubstitution_Decorated::getRequested (39 bytes)
Event: 11.214 Thread 0x00000296b2fb7800 nmethod 7479 0x00000296a0f81810 code [0x00000296a0f819a0, 0x00000296a0f81a18]

GC Heap History (20 events):
Event: 1.302 GC heap before
{Heap before GC invocations=2 (full 0):
 garbage-first heap   total 131072K, used 40051K [0x0000000080000000, 0x0000000100000000)
  region size 1024K, 32 young (32768K), 2 survivors (2048K)
 Metaspace       used 10793K, capacity 11071K, committed 11264K, reserved 1058816K
  class space    used 1125K, capacity 1206K, committed 1280K, reserved 1048576K
}
Event: 1.305 GC heap after
{Heap after GC invocations=3 (full 0):
 garbage-first heap   total 131072K, used 12441K [0x0000000080000000, 0x0000000100000000)
  region size 1024K, 4 young (4096K), 4 survivors (4096K)
 Metaspace       used 10793K, capacity 11071K, committed 11264K, reserved 1058816K
  class space    used 1125K, capacity 1206K, committed 1280K, reserved 1048576K
}
Event: 3.022 GC heap before
{Heap before GC invocations=3 (full 0):
 garbage-first heap   total 131072K, used 74905K [0x0000000080000000, 0x0000000100000000)
  region size 1024K, 66 young (67584K), 4 survivors (4096K)
 Metaspace       used 20604K, capacity 21122K, committed 21248K, reserved 1067008K
  class space    used 2518K, capacity 2720K, committed 2816K, reserved 1048576K
}
Event: 3.032 GC heap after
{Heap after GC invocations=4 (full 0):
 garbage-first heap   total 131072K, used 16676K [0x0000000080000000, 0x0000000100000000)
  region size 1024K, 9 young (9216K), 9 survivors (9216K)
 Metaspace       used 20604K, capacity 21122K, committed 21248K, reserved 1067008K
  class space    used 2518K, capacity 2720K, committed 2816K, reserved 1048576K
}
Event: 4.020 GC heap before
{Heap before GC invocations=5 (full 0):
 garbage-first heap   total 131072K, used 82212K [0x0000000080000000, 0x0000000100000000)
  region size 1024K, 73 young (74752K), 9 survivors (9216K)
 Metaspace       used 26717K, capacity 27318K, committed 27392K, reserved 1073152K
  class space    used 3528K, capacity 3792K, committed 3840K, reserved 1048576K
}
Event: 4.028 GC heap after
{Heap after GC invocations=6 (full 0):
 garbage-first heap   total 131072K, used 19176K [0x0000000080000000, 0x0000000100000000)
  region size 1024K, 7 young (7168K), 7 survivors (7168K)
 Metaspace       used 26717K, capacity 27318K, committed 27392K, reserved 1073152K
  class space    used 3528K, capacity 3792K, committed 3840K, reserved 1048576K
}
Event: 4.635 GC heap before
{Heap before GC invocations=6 (full 0):
 garbage-first heap   total 131072K, used 62184K [0x0000000080000000, 0x0000000100000000)
  region size 1024K, 51 young (52224K), 7 survivors (7168K)
 Metaspace       used 35028K, capacity 35834K, committed 35840K, reserved 1081344K
  class space    used 4540K, capacity 4864K, committed 4864K, reserved 1048576K
}
Event: 4.643 GC heap after
{Heap after GC invocations=7 (full 0):
 garbage-first heap   total 131072K, used 22481K [0x0000000080000000, 0x0000000100000000)
  region size 1024K, 6 young (6144K), 6 survivors (6144K)
 Metaspace       used 35028K, capacity 35834K, committed 35840K, reserved 1081344K
  class space    used 4540K, capacity 4864K, committed 4864K, reserved 1048576K
}
Event: 5.430 GC heap before
{Heap before GC invocations=8 (full 0):
 garbage-first heap   total 131072K, used 93137K [0x0000000080000000, 0x0000000100000000)
  region size 1024K, 73 young (74752K), 6 survivors (6144K)
 Metaspace       used 40112K, capacity 41081K, committed 41420K, reserved 1085440K
  class space    used 5147K, capacity 5496K, committed 5580K, reserved 1048576K
}
Event: 5.441 GC heap after
{Heap after GC invocations=9 (full 0):
 garbage-first heap   total 157696K, used 27753K [0x0000000080000000, 0x0000000100000000)
  region size 1024K, 9 young (9216K), 9 survivors (9216K)
 Metaspace       used 40112K, capacity 41081K, committed 41420K, reserved 1085440K
  class space    used 5147K, capacity 5496K, committed 5580K, reserved 1048576K
}
Event: 6.366 GC heap before
{Heap before GC invocations=9 (full 0):
 garbage-first heap   total 157696K, used 104553K [0x0000000080000000, 0x0000000100000000)
  region size 1024K, 84 young (86016K), 9 survivors (9216K)
 Metaspace       used 46512K, capacity 47703K, committed 47948K, reserved 1091584K
  class space    used 5960K, capacity 6400K, committed 6476K, reserved 1048576K
}
Event: 6.374 GC heap after
{Heap after GC invocations=10 (full 0):
 garbage-first heap   total 157696K, used 30160K [0x0000000080000000, 0x0000000100000000)
  region size 1024K, 8 young (8192K), 8 survivors (8192K)
 Metaspace       used 46512K, capacity 47703K, committed 47948K, reserved 1091584K
  class space    used 5960K, capacity 6400K, committed 6476K, reserved 1048576K
}
Event: 7.933 GC heap before
{Heap before GC invocations=10 (full 0):
 garbage-first heap   total 157696K, used 119248K [0x0000000080000000, 0x0000000100000000)
  region size 1024K, 92 young (94208K), 8 survivors (8192K)
 Metaspace       used 55684K, capacity 57128K, committed 57292K, reserved 1099776K
  class space    used 7052K, capacity 7557K, committed 7628K, reserved 1048576K
}
Event: 7.943 GC heap after
{Heap after GC invocations=11 (full 0):
 garbage-first heap   total 157696K, used 43123K [0x0000000080000000, 0x0000000100000000)
  region size 1024K, 12 young (12288K), 12 survivors (12288K)
 Metaspace       used 55684K, capacity 57128K, committed 57292K, reserved 1099776K
  class space    used 7052K, capacity 7557K, committed 7628K, reserved 1048576K
}
Event: 8.337 GC heap before
{Heap before GC invocations=11 (full 0):
 garbage-first heap   total 157696K, used 60531K [0x0000000080000000, 0x0000000100000000)
  region size 1024K, 30 young (30720K), 12 survivors (12288K)
 Metaspace       used 58634K, capacity 60164K, committed 60236K, reserved 1101824K
  class space    used 7437K, capacity 7974K, committed 8012K, reserved 1048576K
}
Event: 8.350 GC heap after
{Heap after GC invocations=12 (full 0):
 garbage-first heap   total 157696K, used 44850K [0x0000000080000000, 0x0000000100000000)
  region size 1024K, 2 young (2048K), 2 survivors (2048K)
 Metaspace       used 58634K, capacity 60164K, committed 60236K, reserved 1101824K
  class space    used 7437K, capacity 7974K, committed 8012K, reserved 1048576K
}
Event: 9.115 GC heap before
{Heap before GC invocations=13 (full 0):
 garbage-first heap   total 157696K, used 116530K [0x0000000080000000, 0x0000000100000000)
  region size 1024K, 72 young (73728K), 2 survivors (2048K)
 Metaspace       used 63279K, capacity 64904K, committed 65100K, reserved 1105920K
  class space    used 8053K, capacity 8645K, committed 8780K, reserved 1048576K
}
Event: 9.127 GC heap after
{Heap after GC invocations=14 (full 0):
 garbage-first heap   total 189440K, used 50617K [0x0000000080000000, 0x0000000100000000)
  region size 1024K, 8 young (8192K), 8 survivors (8192K)
 Metaspace       used 63279K, capacity 64904K, committed 65100K, reserved 1105920K
  class space    used 8053K, capacity 8645K, committed 8780K, reserved 1048576K
}
Event: 10.442 GC heap before
{Heap before GC invocations=15 (full 0):
 garbage-first heap   total 189440K, used 137657K [0x0000000080000000, 0x0000000100000000)
  region size 1024K, 93 young (95232K), 8 survivors (8192K)
 Metaspace       used 72530K, capacity 74255K, committed 74444K, reserved 1114112K
  class space    used 9490K, capacity 10138K, committed 10188K, reserved 1048576K
}
Event: 10.454 GC heap after
{Heap after GC invocations=16 (full 0):
 garbage-first heap   total 189440K, used 56164K [0x0000000080000000, 0x0000000100000000)
  region size 1024K, 6 young (6144K), 6 survivors (6144K)
 Metaspace       used 72530K, capacity 74255K, committed 74444K, reserved 1114112K
  class space    used 9490K, capacity 10138K, committed 10188K, reserved 1048576K
}

Deoptimization events (20 events):
Event: 10.958 Thread 0x00000296b247d800 Uncommon trap: trap_request=0xffffffc6 fr.pc=0x00000296a0ce8f60 relative=0x0000000000000480
Event: 10.958 Thread 0x00000296b247d800 Uncommon trap: reason=bimorphic_or_optimized_type_check action=maybe_recompile pc=0x00000296a0ce8f60 method=java.util.Collections$SetFromMap.remove(Ljava/lang/Object;)Z @ 5 c2
Event: 10.958 Thread 0x00000296b247d800 DEOPT PACKING pc=0x00000296a0ce8f60 sp=0x000000e741efb9b0
Event: 10.958 Thread 0x00000296b247d800 DEOPT UNPACKING pc=0x00000296990978af sp=0x000000e741efb9a8 mode 2
Event: 10.959 Thread 0x00000296b247d800 Uncommon trap: trap_request=0xffffffde fr.pc=0x00000296a0d9c56c relative=0x000000000000022c
Event: 10.959 Thread 0x00000296b247d800 Uncommon trap: reason=class_check action=maybe_recompile pc=0x00000296a0d9c56c method=java.util.stream.StreamOpFlag.fromCharacteristics(Ljava/util/Spliterator;)I @ 14 c2
Event: 10.959 Thread 0x00000296b247d800 DEOPT PACKING pc=0x00000296a0d9c56c sp=0x000000e741efb7b0
Event: 10.959 Thread 0x00000296b247d800 DEOPT UNPACKING pc=0x00000296990978af sp=0x000000e741efb698 mode 2
Event: 10.960 Thread 0x00000296b247d800 Uncommon trap: trap_request=0xffffffc6 fr.pc=0x00000296a0ce8f60 relative=0x0000000000000480
Event: 10.960 Thread 0x00000296b247d800 Uncommon trap: reason=bimorphic_or_optimized_type_check action=maybe_recompile pc=0x00000296a0ce8f60 method=java.util.Collections$SetFromMap.remove(Ljava/lang/Object;)Z @ 5 c2
Event: 10.960 Thread 0x00000296b247d800 DEOPT PACKING pc=0x00000296a0ce8f60 sp=0x000000e741efb9b0
Event: 10.960 Thread 0x00000296b247d800 DEOPT UNPACKING pc=0x00000296990978af sp=0x000000e741efb9a8 mode 2
Event: 10.960 Thread 0x00000296b247d800 Uncommon trap: trap_request=0xffffffc6 fr.pc=0x00000296a0ce8f60 relative=0x0000000000000480
Event: 10.961 Thread 0x00000296b247d800 Uncommon trap: reason=bimorphic_or_optimized_type_check action=maybe_recompile pc=0x00000296a0ce8f60 method=java.util.Collections$SetFromMap.remove(Ljava/lang/Object;)Z @ 5 c2
Event: 10.961 Thread 0x00000296b247d800 DEOPT PACKING pc=0x00000296a0ce8f60 sp=0x000000e741efb860
Event: 10.961 Thread 0x00000296b247d800 DEOPT UNPACKING pc=0x00000296990978af sp=0x000000e741efb858 mode 2
Event: 11.035 Thread 0x00000296b247d800 Uncommon trap: trap_request=0xffffffc6 fr.pc=0x00000296a0ce8f60 relative=0x0000000000000480
Event: 11.035 Thread 0x00000296b247d800 Uncommon trap: reason=bimorphic_or_optimized_type_check action=maybe_recompile pc=0x00000296a0ce8f60 method=java.util.Collections$SetFromMap.remove(Ljava/lang/Object;)Z @ 5 c2
Event: 11.035 Thread 0x00000296b247d800 DEOPT PACKING pc=0x00000296a0ce8f60 sp=0x000000e741efb9b0
Event: 11.035 Thread 0x00000296b247d800 DEOPT UNPACKING pc=0x00000296990978af sp=0x000000e741efb9a8 mode 2

Classes redefined (0 events):
No events

Internal exceptions (20 events):
Event: 10.276 Thread 0x00000296b247d800 Exception <a 'java/lang/NullPointerException'{0x0000000086f34fb0}> (0x0000000086f34fb0) thrown at [./src/hotspot/share/interpreter/linkResolver.cpp, line 1440]
Event: 10.483 Thread 0x00000296b247d800 Exception <a 'java/lang/NoSuchMethodError'{0x000000008b6cd900}: 'int java.lang.invoke.DirectMethodHandle$Holder.invokeStatic(java.lang.Object, java.lang.Object, int, java.lang.Object)'> (0x000000008b6cd900) thrown at [./src/hotspot/share/interpreter/linkResolver.cpp, line 773]
Event: 10.483 Thread 0x00000296b247d800 Exception <a 'java/lang/NoSuchMethodError'{0x000000008b6d47a8}: 'java.lang.Object java.lang.invoke.Invokers$Holder.linkToTargetMethod(java.lang.Object, int, java.lang.Object)'> (0x000000008b6d47a8) thrown at [./src/hotspot/share/interpreter/linkResolver.cpp, line 773]
Event: 10.531 Thread 0x00000296b247d800 Exception <a 'sun/nio/fs/WindowsException'{0x000000008b5fdfe8}> (0x000000008b5fdfe8) thrown at [./src/hotspot/share/prims/jni.cpp, line 615]
Event: 10.532 Thread 0x00000296b247d800 Exception <a 'sun/nio/fs/WindowsException'{0x000000008b5ff0d0}> (0x000000008b5ff0d0) thrown at [./src/hotspot/share/prims/jni.cpp, line 615]
Event: 10.532 Thread 0x00000296b247d800 Exception <a 'sun/nio/fs/WindowsException'{0x000000008b400488}> (0x000000008b400488) thrown at [./src/hotspot/share/prims/jni.cpp, line 615]
Event: 10.532 Thread 0x00000296b247d800 Exception <a 'sun/nio/fs/WindowsException'{0x000000008b401848}> (0x000000008b401848) thrown at [./src/hotspot/share/prims/jni.cpp, line 615]
Event: 10.784 Thread 0x00000296b247d800 Exception <a 'java/lang/NoSuchMethodError'{0x000000008a246518}: 'java.lang.Object java.lang.invoke.Invokers$Holder.linkToTargetMethod(java.lang.Object, int, int, java.lang.Object)'> (0x000000008a246518) thrown at [./src/hotspot/share/interpreter/linkResolver.cpp, line 773]
Event: 10.955 Thread 0x00000296b24b9000 Exception <a 'java/lang/NoSuchMethodError'{0x0000000089683ec8}: <clinit>> (0x0000000089683ec8) thrown at [./src/hotspot/share/prims/jni.cpp, line 1362]
Event: 10.956 Thread 0x00000296b24b9000 Exception <a 'java/lang/NoSuchMethodError'{0x000000008968da70}: <clinit>> (0x000000008968da70) thrown at [./src/hotspot/share/prims/jni.cpp, line 1362]
Event: 10.959 Thread 0x00000296b24b9000 Exception <a 'java/lang/NoSuchMethodError'{0x00000000896982d0}: <clinit>> (0x00000000896982d0) thrown at [./src/hotspot/share/prims/jni.cpp, line 1362]
Event: 10.960 Thread 0x00000296b24b9000 Exception <a 'java/lang/NoSuchMethodError'{0x00000000896e9038}: <clinit>> (0x00000000896e9038) thrown at [./src/hotspot/share/prims/jni.cpp, line 1362]
Event: 10.960 Thread 0x00000296b24b9000 Exception <a 'java/lang/NoSuchMethodError'{0x00000000896ea568}: <clinit>> (0x00000000896ea568) thrown at [./src/hotspot/share/prims/jni.cpp, line 1362]
Event: 10.974 Thread 0x00000296b4307000 Exception <a 'java/lang/NoSuchMethodError'{0x00000000894de628}: <clinit>> (0x00000000894de628) thrown at [./src/hotspot/share/prims/jni.cpp, line 1362]
Event: 10.981 Thread 0x00000296b4307000 Exception <a 'java/lang/NoSuchMethodError'{0x00000000894f2a10}: <clinit>> (0x00000000894f2a10) thrown at [./src/hotspot/share/prims/jni.cpp, line 1362]
Event: 10.983 Thread 0x00000296b4307000 Exception <a 'java/lang/NoSuchMethodError'{0x000000008930c120}: <clinit>> (0x000000008930c120) thrown at [./src/hotspot/share/prims/jni.cpp, line 1362]
Event: 11.038 Thread 0x00000296b24b9000 Exception <a 'java/lang/NoSuchMethodError'{0x0000000089185e40}: <clinit>> (0x0000000089185e40) thrown at [./src/hotspot/share/prims/jni.cpp, line 1362]
Event: 11.070 Thread 0x00000296b247d800 Exception <a 'java/lang/NoSuchMethodError'{0x0000000089051f38}: 'java.lang.Object java.lang.invoke.Invokers$Holder.linkToTargetMethod(java.lang.Object, java.lang.Object, java.lang.Object, int, java.lang.Object, java.lang.Object)'> (0x0000000089051f38) thrown at [./src/hotspot/share/interpreter/linkResolver.cpp, line 773]
Event: 11.079 Thread 0x00000296b247d800 Exception <a 'java/lang/IncompatibleClassChangeError'{0x00000000890baba8}: Found class java.lang.Object, but interface was expected> (0x00000000890baba8) thrown at [./src/hotspot/share/interpreter/linkResolver.cpp, line 839]
Event: 11.097 Thread 0x00000296b247d800 Exception <a 'java/lang/NoSuchMethodError'{0x0000000088ee9e88}: 'int java.lang.invoke.DirectMethodHandle$Holder.invokeStaticInit(java.lang.Object, java.lang.Object, java.lang.Object, java.lang.Object, java.lang.Object)'> (0x0000000088ee9e88) thrown at [./src/hotspot/share/interpreter/linkResolver.cpp, line 773]

Events (20 events):
Event: 11.182 loading class org/gradle/api/artifacts/DirectDependenciesMetadata
Event: 11.182 loading class org/gradle/api/artifacts/DirectDependenciesMetadata done
Event: 11.182 loading class org/gradle/api/internal/artifacts/repositories/resolver/DirectDependencyMetadataAdapter
Event: 11.182 loading class org/gradle/api/internal/artifacts/repositories/resolver/DirectDependencyMetadataAdapter done
Event: 11.182 loading class org/gradle/api/internal/artifacts/repositories/resolver/AbstractDependencyMetadataAdapter
Event: 11.182 loading class org/gradle/api/internal/artifacts/repositories/resolver/AbstractDependencyMetadataAdapter done
Event: 11.183 loading class org/gradle/internal/component/external/model/ivy/IvyDependencyDescriptor
Event: 11.183 loading class org/gradle/internal/component/external/model/ivy/IvyDependencyDescriptor done
Event: 11.184 loading class org/gradle/api/artifacts/DirectDependencyMetadata
Event: 11.184 loading class org/gradle/api/artifacts/DirectDependencyMetadata done
Event: 11.185 loading class com/android/build/gradle/internal/dependency/AndroidXDependencySubstitution$replaceOldSupportLibraries$1$1$1$2
Event: 11.185 loading class com/android/build/gradle/internal/dependency/AndroidXDependencySubstitution$replaceOldSupportLibraries$1$1$1$2 done
Event: 11.196 Executing VM operation: RevokeBias
Event: 11.196 Executing VM operation: RevokeBias done
Event: 11.196 Executing VM operation: RevokeBias
Event: 11.196 Executing VM operation: RevokeBias done
Event: 11.202 Executing VM operation: RevokeBias
Event: 11.202 Executing VM operation: RevokeBias done
Event: 11.202 Executing VM operation: RevokeBias
Event: 11.202 Executing VM operation: RevokeBias done


Dynamic libraries:
0x00007ff67dae0000 - 0x00007ff67daea000 	C:\Program Files\Android\Android Studio1\jre\bin\java.exe
0x00007ffe5f3b0000 - 0x00007ffe5f5a5000 	C:\Windows\SYSTEM32\ntdll.dll
0x00007ffe5f010000 - 0x00007ffe5f0ce000 	C:\Windows\System32\KERNEL32.DLL
0x00007ffe5d0d0000 - 0x00007ffe5d398000 	C:\Windows\System32\KERNELBASE.dll
0x00007ffe5cfa0000 - 0x00007ffe5d0a0000 	C:\Windows\System32\ucrtbase.dll
0x00007ffe4aaa0000 - 0x00007ffe4aab9000 	C:\Program Files\Android\Android Studio1\jre\bin\jli.dll
0x00007ffe46070000 - 0x00007ffe46087000 	C:\Program Files\Android\Android Studio1\jre\bin\VCRUNTIME140.dll
0x00007ffe5d880000 - 0x00007ffe5da21000 	C:\Windows\System32\USER32.dll
0x00007ffe5d0a0000 - 0x00007ffe5d0c2000 	C:\Windows\System32\win32u.dll
0x00007ffe5ee50000 - 0x00007ffe5ee7b000 	C:\Windows\System32\GDI32.dll
0x00007ffe5cdd0000 - 0x00007ffe5cedb000 	C:\Windows\System32\gdi32full.dll
0x00007ffe46d70000 - 0x00007ffe4700a000 	C:\Windows\WinSxS\amd64_microsoft.windows.common-controls_6595b64144ccf1df_6.0.19041.1110_none_60b5254171f9507e\COMCTL32.dll
0x00007ffe5cd30000 - 0x00007ffe5cdcd000 	C:\Windows\System32\msvcp_win.dll
0x00007ffe5ef70000 - 0x00007ffe5f00e000 	C:\Windows\System32\msvcrt.dll
0x00007ffe5db60000 - 0x00007ffe5db90000 	C:\Windows\System32\IMM32.DLL
0x00007ffe3e0e0000 - 0x00007ffe3e17d000 	C:\Program Files\Android\Android Studio1\jre\bin\msvcp140.dll
0x00007ffe0f420000 - 0x00007ffe0feef000 	C:\Program Files\Android\Android Studio1\jre\bin\server\jvm.dll
0x00007ffe5db90000 - 0x00007ffe5dc3c000 	C:\Windows\System32\ADVAPI32.dll
0x00007ffe5e3f0000 - 0x00007ffe5e48b000 	C:\Windows\System32\sechost.dll
0x00007ffe5dcd0000 - 0x00007ffe5ddfa000 	C:\Windows\System32\RPCRT4.dll
0x00007ffe5f1e0000 - 0x00007ffe5f1e8000 	C:\Windows\System32\PSAPI.DLL
0x00007ffe48640000 - 0x00007ffe48649000 	C:\Windows\SYSTEM32\WSOCK32.dll
0x00007ffe5dc40000 - 0x00007ffe5dcab000 	C:\Windows\System32\WS2_32.dll
0x00007ffe52910000 - 0x00007ffe52937000 	C:\Windows\SYSTEM32\WINMM.dll
0x00007ffe54a30000 - 0x00007ffe54a3a000 	C:\Windows\SYSTEM32\VERSION.dll
0x00007ffe5a9f0000 - 0x00007ffe5aa02000 	C:\Windows\SYSTEM32\kernel.appcore.dll
0x00007ffe4f530000 - 0x00007ffe4f541000 	C:\Program Files\Android\Android Studio1\jre\bin\verify.dll
0x00007ffe54120000 - 0x00007ffe54304000 	C:\Windows\SYSTEM32\DBGHELP.DLL
0x00007ffe49e20000 - 0x00007ffe49e4c000 	C:\Windows\SYSTEM32\dbgcore.DLL
0x00007ffe5cf10000 - 0x00007ffe5cf93000 	C:\Windows\System32\bcryptPrimitives.dll
0x00007ffe4f4a0000 - 0x00007ffe4f4c9000 	C:\Program Files\Android\Android Studio1\jre\bin\java.dll
0x00007ffe58640000 - 0x00007ffe5864b000 	C:\Program Files\Android\Android Studio1\jre\bin\jimage.dll
0x00007ffe4f480000 - 0x00007ffe4f498000 	C:\Program Files\Android\Android Studio1\jre\bin\zip.dll
0x00007ffe5e490000 - 0x00007ffe5ebcf000 	C:\Windows\System32\SHELL32.dll
0x00007ffe5abf0000 - 0x00007ffe5b380000 	C:\Windows\SYSTEM32\windows.storage.dll
0x00007ffe5e090000 - 0x00007ffe5e3e5000 	C:\Windows\System32\combase.dll
0x00007ffe5c4b0000 - 0x00007ffe5c4de000 	C:\Windows\SYSTEM32\Wldp.dll
0x00007ffe5f130000 - 0x00007ffe5f1dd000 	C:\Windows\System32\SHCORE.dll
0x00007ffe5f1f0000 - 0x00007ffe5f245000 	C:\Windows\System32\shlwapi.dll
0x00007ffe5ca10000 - 0x00007ffe5ca2f000 	C:\Windows\SYSTEM32\profapi.dll
0x00007ffe4f460000 - 0x00007ffe4f47a000 	C:\Program Files\Android\Android Studio1\jre\bin\net.dll
0x00007ffe53b20000 - 0x00007ffe53c2c000 	C:\Windows\SYSTEM32\WINHTTP.dll
0x00007ffe5c1b0000 - 0x00007ffe5c21a000 	C:\Windows\system32\mswsock.dll
0x00007ffe4c3f0000 - 0x00007ffe4c404000 	C:\Program Files\Android\Android Studio1\jre\bin\nio.dll
0x00007ffe4ab60000 - 0x00007ffe4ab87000 	C:\Users\Omar\.gradle\native\8bec1ad78214c89d9ad589b4d07fe93259594b29d510b10fafb7a158f7737e5d\windows-amd64\native-platform.dll
0x00007ffe34cc0000 - 0x00007ffe34dfd000 	C:\Users\Omar\.gradle\native\53dbd7edfb1c66fb8903c78663c9afc45aea4f116125fa6feffd364cf09443e8\windows-amd64\native-platform-file-events.dll
0x00007ffe58620000 - 0x00007ffe5862a000 	C:\Program Files\Android\Android Studio1\jre\bin\management.dll
0x00007ffe585c0000 - 0x00007ffe585cc000 	C:\Program Files\Android\Android Studio1\jre\bin\management_ext.dll
0x00007ffe5c410000 - 0x00007ffe5c428000 	C:\Windows\SYSTEM32\CRYPTSP.dll
0x00007ffe5bb30000 - 0x00007ffe5bb64000 	C:\Windows\system32\rsaenh.dll
0x00007ffe5cee0000 - 0x00007ffe5cf07000 	C:\Windows\System32\bcrypt.dll
0x00007ffe5c9d0000 - 0x00007ffe5c9fe000 	C:\Windows\SYSTEM32\USERENV.dll
0x00007ffe5c400000 - 0x00007ffe5c40c000 	C:\Windows\SYSTEM32\CRYPTBASE.dll
0x00007ffe5bea0000 - 0x00007ffe5bedb000 	C:\Windows\SYSTEM32\IPHLPAPI.DLL
0x00007ffe5ec80000 - 0x00007ffe5ec88000 	C:\Windows\System32\NSI.dll
0x00007ffe56090000 - 0x00007ffe560a7000 	C:\Windows\SYSTEM32\dhcpcsvc6.DLL
0x00007ffe56e10000 - 0x00007ffe56e2d000 	C:\Windows\SYSTEM32\dhcpcsvc.DLL
0x00007ffe5bee0000 - 0x00007ffe5bfab000 	C:\Windows\SYSTEM32\DNSAPI.dll

dbghelp: loaded successfully - version: 4.0.5 - missing functions: none
symbol engine: initialized successfully - sym options: 0x614 - pdb path: .;C:\Program Files\Android\Android Studio1\jre\bin;C:\Windows\SYSTEM32;C:\Windows\WinSxS\amd64_microsoft.windows.common-controls_6595b64144ccf1df_6.0.19041.1110_none_60b5254171f9507e;C:\Program Files\Android\Android Studio1\jre\bin\server;C:\Users\Omar\.gradle\native\8bec1ad78214c89d9ad589b4d07fe93259594b29d510b10fafb7a158f7737e5d\windows-amd64;C:\Users\Omar\.gradle\native\53dbd7edfb1c66fb8903c78663c9afc45aea4f116125fa6feffd364cf09443e8\windows-amd64

VM Arguments:
jvm_args: --add-opens=java.base/java.util=ALL-UNNAMED --add-opens=java.base/java.lang=ALL-UNNAMED --add-opens=java.base/java.lang.invoke=ALL-UNNAMED --add-opens=java.base/java.util=ALL-UNNAMED --add-opens=java.prefs/java.util.prefs=ALL-UNNAMED --add-opens=java.prefs/java.util.prefs=ALL-UNNAMED --add-opens=java.base/java.nio.charset=ALL-UNNAMED --add-opens=java.base/java.net=ALL-UNNAMED --add-opens=java.base/java.util.concurrent.atomic=ALL-UNNAMED -Xmx2048m -Dfile.encoding=UTF-8 -Duser.country=US -Duser.language=en -Duser.variant 
java_command: org.gradle.launcher.daemon.bootstrap.GradleDaemon 7.0.2
java_class_path (initial): C:\Users\Omar\.gradle\wrapper\dists\gradle-7.0.2-bin\857tjihv64xamwrf0h14cai3r\gradle-7.0.2\lib\gradle-launcher-7.0.2.jar
Launcher Type: SUN_STANDARD

[Global flags]
     intx CICompilerCount                          = 3                                         {product} {ergonomic}
     uint ConcGCThreads                            = 1                                         {product} {ergonomic}
     uint G1ConcRefinementThreads                  = 4                                         {product} {ergonomic}
   size_t G1HeapRegionSize                         = 1048576                                   {product} {ergonomic}
    uintx GCDrainStackTargetSize                   = 64                                        {product} {ergonomic}
   size_t InitialHeapSize                          = 134217728                                 {product} {ergonomic}
   size_t MarkStackSize                            = 4194304                                   {product} {ergonomic}
   size_t MaxHeapSize                              = 2147483648                                {product} {command line}
   size_t MaxNewSize                               = 1287651328                                {product} {ergonomic}
   size_t MinHeapDeltaBytes                        = 1048576                                   {product} {ergonomic}
    uintx NonNMethodCodeHeapSize                   = 5830732                                {pd product} {ergonomic}
    uintx NonProfiledCodeHeapSize                  = 122913754                              {pd product} {ergonomic}
    uintx ProfiledCodeHeapSize                     = 122913754                              {pd product} {ergonomic}
    uintx ReservedCodeCacheSize                    = 251658240                              {pd product} {ergonomic}
     bool SegmentedCodeCache                       = true                                      {product} {ergonomic}
     bool UseCompressedClassPointers               = true                                 {lp64_product} {ergonomic}
     bool UseCompressedOops                        = true                                 {lp64_product} {ergonomic}
     bool UseG1GC                                  = true                                      {product} {ergonomic}
     bool UseLargePagesIndividualAllocation        = false                                  {pd product} {ergonomic}

Logging:
Log output configuration:
 #0: stdout all=warning uptime,level,tags
 #1: stderr all=off uptime,level,tags

Environment Variables:
PATH=C:\Python39\Scripts\;C:\Python39\;C:\Program Files (x86)\Common Files\Oracle\Java\javapath;C:\Windows\system32;C:\Windows;C:\Windows\System32\Wbem;C:\Windows\System32\WindowsPowerShell\v1.0\;C:\Windows\System32\OpenSSH\;C:\Program Files (x86)\Microsoft SQL Server\150\DTS\Binn\;C:\Program Files\dotnet\;C:\Program Files\Microsoft SQL Server\130\Tools\Binn\;C:\Program Files\Microsoft SQL Server\Client SDK\ODBC\170\Tools\Binn\;C:\Program Files\nodejs\;C:\ProgramData\chocolatey\bin;G:\Program Files\Git\cmd;C:\Users\Omar\AppData\Local\Microsoft\WindowsApps;C:\Users\Omar\.dotnet\tools;C:\Users\Omar\AppData\Roaming\npm;C:\Users\Omar\AppData\Local\Programs\Microsoft VS Code\bin;C:\Program Files\heroku\bin;C:\Users\Omar\AppData\Local\atom\bin;C:\Users\Omar\AppData\Local\GitHubDesktop\bin
USERNAME=Omar
OS=Windows_NT
PROCESSOR_IDENTIFIER=Intel64 Family 6 Model 60 Stepping 3, GenuineIntel



---------------  S Y S T E M  ---------------

OS: Windows 10 , 64 bit Build 19041 (10.0.19041.1348)
OS uptime: 4 days 7:41 hours

CPU:total 4 (initial active 4) (4 cores per cpu, 1 threads per core) family 6 model 60 stepping 3 microcode 0x27, cmov, cx8, fxsr, mmx, sse, sse2, sse3, ssse3, sse4.1, sse4.2, popcnt, avx, avx2, aes, clmul, erms, lzcnt, tsc, tscinvbit, bmi1, bmi2, fma

Memory: 4k page, system-wide physical 8110M (444M free)
TotalPageFile size 32686M (AvailPageFile size 2M)
current process WorkingSet (physical memory assigned to process): 405M, peak: 405M
current process commit charge ("private bytes"): 432M, peak: 434M

vm_info: OpenJDK 64-Bit Server VM (11.0.10+0-b96-7249189) for windows-amd64 JRE (11.0.10+0-b96-7249189), built on Mar 31 2021 21:44:00 by "builder" with MS VC++ 14.0 (VS2015)

END.
